20231220	20:52:36	a0ebea6b-04fd-4473-9471-039e4c584759	GET	/	undefined
20231220	20:52:36	d5573f97-4499-45be-b305-14a7eea2b176	GET	/css/style.css	undefined
20231220	20:52:36	b19c6ad4-a880-4cbb-9d30-929b8b9f13fa	GET	/favicon.ico	undefined
20231220	20:52:47	edcf847d-a5a2-46c9-994c-2ca163ddd292	GET	/	undefined
20231220	20:52:47	d91ce2bb-baf1-46f6-83bc-afa1c27c0cd6	GET	/css/style.css	undefined
20231220	20:53:20	fe3e38dd-3ebd-49b3-b3df-85267e398ec7	GET	/dave	undefined
20231220	20:53:20	bff60bd5-74fd-4832-afb8-31f3b1afc4f7	GET	/css/style.css	undefined
20231220	20:58:22	5341ca27-a8e4-4bec-9709-061ad3feb2d3	GET	/	undefined
20231220	20:58:22	25a92eb9-902f-4e5c-a47b-43cee2f643c0	GET	/css/style.css	undefined
20231221	14:47:39	d1e25d2f-eebb-4040-8ce0-6ab8f333fcc6	GET	/	undefined
20231221	14:47:39	25038eeb-ef7e-4e81-9789-071210673db8	GET	/css/style.css	undefined
20231221	14:47:39	71d5c511-9cb7-4ec1-a134-1b6c0911b492	GET	/favicon.ico	undefined
20231221	14:49:04	681a0117-5da1-40a8-9cf7-e90a3e34e5b0	GET	/users	undefined
20231221	14:55:54	50245c60-004d-4a85-aeeb-a5b9b9ad59c2	POST	/users	undefined
20231221	14:58:51	805f8cf1-ee4d-4ff8-b2c9-77ce9164eed9	POST	/users	undefined
20231221	15:06:06	6b29209f-ed67-472f-8b88-d3bdc2f492f7	POST	/users	undefined
20231221	15:07:08	8373b21c-1cfc-4057-80a5-1b193f49fd04	GET	/users	undefined
20231221	15:19:12	6545a1be-58e2-46a7-9bc7-8731bd74b229	POST	/users	undefined
20231221	15:19:15	eb69cf22-05e8-4623-a620-223b773998cf	POST	/users	undefined
20231221	15:19:36	8b45d74e-f4b0-404f-90d7-c548b3a5a6c1	GET	/users	undefined
20231221	15:19:38	75d2d3c1-de95-4331-9415-6941ca7ab013	POST	/users	undefined
20231221	15:19:42	fb3ff4c4-e560-4454-9088-ee61ca6ad7d7	GET	/users	undefined
20231221	16:57:45	29dbbe49-24e1-423a-b1db-dec53569336c	GET	/users	undefined
20231221	16:58:29	7ab4a080-dcf9-4e69-8265-c20827ffd785	POST	/users	undefined
20231221	16:58:31	1a6010ef-490f-4da7-9d07-7aefbde6a0b6	POST	/users	undefined
20231221	16:58:34	53c9f96d-e440-4acf-85be-c68e254f3f68	GET	/users	undefined
20231221	16:58:48	28328972-d101-44b1-af0b-05f69609aed6	GET	/users	undefined
20231221	16:59:38	7d5486f9-725b-4056-9c71-d7ef889d0f78	GET	/users	undefined
20231221	16:59:59	d368d740-9b9b-4032-9ff1-0a3c56810eb7	POST	/users	undefined
20231221	17:00:06	04de9593-6410-4431-8f74-d72f253fb4aa	POST	/users	undefined
20231221	17:00:09	0bf5fa16-9a47-48ba-ba6d-c020e94a8c52	POST	/users	undefined
20231221	17:00:11	5585798a-6f6a-48ac-9288-79997a66ddf4	GET	/users	undefined
20231221	17:01:00	11dfb870-e1e8-414c-aa49-3c9dfff2f780	PUT	/users	undefined
20231221	17:01:15	8f7254dc-edd9-40c1-b67d-4cc83f0b6b6f	PATCH	/users	undefined
20231221	17:02:01	fae78f3c-ba97-438d-913a-818183eb00b3	GET	/users	undefined
20231221	17:02:52	5322fa4b-3eaf-4d4e-a83a-13470c584444	PATCH	/users	undefined
20231221	17:03:21	cd35f01e-ab58-4936-b283-7edd3d9231cb	PATCH	/users	undefined
20231221	17:04:28	ab3e2109-c079-4bc1-981e-146e9b704601	PATCH	/users	undefined
20231221	17:04:52	2e4a7fc4-133f-4921-97a3-2b8ac32fd6b3	GET	/users	undefined
20231223	13:01:25	59c10a74-6223-432d-9abc-104ff10f4980	GET	/	undefined
20231223	13:01:25	8b414edb-4fc9-4cef-8a88-f0295be19a93	GET	/css/style.css	undefined
20231223	13:01:25	47fdb00f-03f4-4b92-9780-76c4844d26a3	GET	/favicon.ico	undefined
20231223	13:02:06	7e45da46-9aaf-4728-8bcd-9233cc6c7e46	GET	/	undefined
20231223	13:02:06	77c2d65a-5c0f-4e1e-afed-43fa8df2969d	GET	/css/style.css	undefined
20231223	13:02:23	da4a9260-4fbc-44ee-acaa-cb3bfb528560	GET	/users	undefined
20231223	13:05:01	11eee39a-8f5a-413d-9029-871b36d8c97c	GET	/users	undefined
20231223	13:05:17	0fec9ec8-fb77-46eb-8104-1be9574b06a9	GET	/courses	undefined
20231223	13:05:27	caf7a1f1-1792-4698-b95f-2a74162ebb79	GET	/users	undefined
20231223	13:06:12	acddd2b3-6609-45e7-b29e-0082cad4ff62	GET	/course	undefined
20231223	13:06:23	964939ff-bc9d-4a1c-ac60-57afae9cd482	GET	/courses	undefined
20231223	13:09:23	a8071cca-6f34-4ea2-9d76-ee606723f3d3	POST	/courses	undefined
20231223	13:12:38	a5ac35a4-cf26-47ed-bd8b-a1073dcee8eb	POST	/courses	undefined
20231223	13:14:19	ae61535e-e6a5-4393-9b77-22ca9b3732a4	POST	/courses	undefined
20231223	13:15:28	e349b716-d0aa-4c5b-927c-0a71db0d3123	POST	/courses	undefined
20231223	13:15:48	b8be563e-d530-40e4-b61f-2c0a393aa304	POST	/courses	undefined
20231223	13:16:06	1c51ae52-acee-4fad-b4f7-ba0ff74f5c30	GET	/courses	undefined
20231223	13:17:29	d9ec107c-6d2c-4cd3-b799-e42ad6c1b550	PATCH	/courses	undefined
20231223	13:17:57	83d67bc5-a449-4db5-8a74-432fa1085672	PATCH	/courses	undefined
20231223	13:18:25	5dbeedd1-142c-4839-897c-b8969cc4c9cf	PATCH	/courses	undefined
20231223	13:19:07	66f207ca-0d02-4f70-91fb-2978137a8182	DELETE	/courses	undefined
20231223	13:19:58	b9ac40aa-500a-4023-93e7-8bf056dcfa7a	GET	/courses	undefined
20231223	13:20:05	e5a30a76-d98f-478c-b5c9-4a9fdccad8e5	POST	/courses	undefined
20231223	13:20:35	dc3f0706-90e0-447f-8e39-68e7c4193440	GET	/users	undefined
20231223	13:21:43	cd75518b-8785-472d-8f27-b561c11a1b4c	DELETE	/users	undefined
20231223	13:21:57	eab8faed-8821-401e-a771-b6a109e71fea	GET	/users	undefined
20231223	13:22:05	1ccd3e76-8eb2-47a9-8d45-c7b9121df9a6	GET	/courses	undefined
20231223	15:45:45	a3b58eb7-a51b-4c31-b1d1-d3cc89782957	GET	/	undefined
20231223	15:45:45	797f352b-2ebc-485a-a71d-b7741f9248db	GET	/css/style.css	undefined
20231223	15:45:45	a7aaaaf2-53da-4f6a-adb6-8b8791f231a0	GET	/favicon.ico	undefined
20231223	16:05:09	047ba377-f6ca-4a6b-bcb3-5703c0592712	GET	/courses	http://localhost:5173
20231223	16:05:09	999c1d7e-76ba-48b2-ad16-2a5b19743a57	GET	/courses	http://localhost:5173
20231223	16:06:25	eecdaf2c-713a-4449-b0b8-f17262007ca4	GET	/courses	http://localhost:5173
20231223	16:06:25	dc57ca8e-c1bf-4388-905f-03d94ae76b11	GET	/courses	http://localhost:5173
20231223	16:06:28	78922045-94ec-41b6-8571-23b48e63aa85	GET	/courses	http://localhost:5173
20231223	16:06:28	27fe337a-a235-460b-9c6e-f5a2a5cc0a44	GET	/courses	http://localhost:5173
20231223	16:07:59	32376746-5736-4005-aceb-8126fc41b3f2	GET	/courses	http://localhost:5173
20231223	16:08:00	4f43f74a-156b-4952-bd16-a3eb50ed5cc5	GET	/courses	http://localhost:5173
20231223	16:08:17	3145ee93-51d6-46c3-a976-b59037a9b8ad	GET	/courses	http://localhost:5173
20231223	16:08:17	a8531155-ed02-40da-a1d2-533d82eb5669	GET	/courses	http://localhost:5173
20231223	16:12:23	13fd9f76-07bb-4f2c-a4a8-e1e1b6317ace	GET	/courses	http://localhost:5173
20231223	16:12:23	0ec41b19-5574-415c-9cce-4d33c77086fd	GET	/courses	http://localhost:5173
20231223	16:15:28	b862e591-2f20-4e5e-be3b-2a352a991791	GET	/courses	http://localhost:5173
20231223	16:15:28	0d8f2d84-446f-46fa-adca-5ce7f7560c97	GET	/courses	http://localhost:5173
20231223	16:18:15	8d01c305-aff3-4c31-aa07-d437c590ef89	GET	/courses	http://localhost:5173
20231223	16:18:15	bf0d2a21-eb02-450a-a580-dff27d7a3431	GET	/courses	http://localhost:5173
20231223	16:18:17	e914426b-89fb-414f-967a-2d9bbf443fa9	GET	/courses	http://localhost:5173
20231223	16:18:17	c33db192-ec7c-471b-953e-233818e242df	GET	/courses	http://localhost:5173
20231223	16:31:22	81965af2-f2fa-44ab-9135-821c7d168578	GET	/courses	http://localhost:5173
20231223	16:31:22	c5d281ce-c6bf-4f43-8c71-6afff887ad18	GET	/courses	http://localhost:5173
20231223	16:31:25	3a58de0b-2265-4d6a-916a-f40e04b08480	GET	/courses	http://localhost:5173
20231223	16:31:25	a9657870-9efd-4839-a8ff-27e30ff6ab0d	GET	/courses	http://localhost:5173
20231223	16:31:27	006c48bc-ae48-432c-ab07-e3b5a660bd72	GET	/courses	http://localhost:5173
20231223	16:31:27	74679af8-36bc-4473-8001-229b7c25891e	GET	/courses	http://localhost:5173
20231223	16:32:46	ca5dcbc5-91f5-41f8-9f5e-151a15a981a1	GET	/courses	http://localhost:5173
20231223	16:32:46	acd502ef-539c-4364-ba7d-14af6d977c80	GET	/courses	http://localhost:5173
20231223	16:33:12	877e3c23-bf0e-4237-a0b6-3355cf8a7596	GET	/courses	http://localhost:5173
20231223	16:33:12	9513ec24-00eb-4752-804a-48818de366a1	GET	/courses	http://localhost:5173
20231223	16:33:14	867ff15f-8cf0-40a1-bd58-4f82c13850af	GET	/courses	http://localhost:5173
20231223	16:33:14	162dcf78-56f4-40aa-9591-7be0535a1afe	GET	/courses	http://localhost:5173
20231223	16:34:14	8ed234fc-2cfe-4564-bfc7-c9c00eb0efb4	GET	/courses	http://localhost:5173
20231223	16:34:14	b6fcdd88-a5f6-4175-a4bc-265ee7ca0fd6	GET	/courses	http://localhost:5173
20231223	16:35:33	2a876a99-58fb-44d0-bd50-700223f59879	GET	/courses	http://localhost:5173
20231223	16:35:33	194cb0d0-4d03-4aa5-825e-1cf9442326f3	GET	/courses	http://localhost:5173
20231223	16:35:34	eed68918-db1b-416c-8095-d8b15bfcf8ae	GET	/courses	http://localhost:5173
20231223	16:35:34	c9a8d6f0-9c6f-43a6-8bff-382494c1953d	GET	/courses	http://localhost:5173
20231223	16:35:39	e43f2c10-4f72-4436-840c-6065c3cf6a10	GET	/courses	http://localhost:5173
20231223	16:35:39	fd368ef9-5231-4000-b886-a6494845e1e4	GET	/courses	http://localhost:5173
20231223	16:40:33	8b8079db-f9c8-4f9d-83bc-43c157779a97	GET	/courses	http://localhost:5173
20231223	16:40:33	631d6f9b-01e6-4159-b5c8-f5bb7a07ce98	GET	/courses	http://localhost:5173
20231223	16:41:30	0783b303-c297-48a9-a268-96682c7f1867	GET	/courses	http://localhost:5173
20231223	16:41:30	786247fb-71d8-4de7-9bda-7dab90bdef08	GET	/courses	http://localhost:5173
20231223	16:41:32	32100ca6-57cb-4d01-ba10-3031428b21dc	GET	/courses	http://localhost:5173
20231223	16:41:32	3a58e1e6-0877-4de8-900e-127f4b5aa123	GET	/courses	http://localhost:5173
20231223	16:55:48	53589243-c932-4337-9c70-16cba0cbcc3d	POST	/courses	undefined
20231223	16:56:36	0481bb33-6332-41db-93fd-afe36486e4a5	POST	/courses	undefined
20231223	16:57:08	11a055e3-7f2a-4017-8b0b-492d5e0c4eff	POST	/courses	undefined
20231223	17:10:08	4b80a420-fa13-430f-92ec-4473144886e5	GET	/courses	http://localhost:5173
20231223	17:10:08	976cad3c-8900-4e70-8f11-fc690f0b5dc4	GET	/courses	http://localhost:5173
20231223	17:10:47	620c4de5-3ffd-4d9c-b0a2-3460b3e3df1e	POST	/courses	http://localhost:5173
20231223	17:11:09	62d1e563-c387-4a55-a558-97c7c08558ab	POST	/courses	http://localhost:5173
20231223	17:11:09	1e530322-d49b-4228-9e24-c19cd299f272	POST	/courses	http://localhost:5173
20231223	17:11:11	59aa2c6b-b0d2-4245-99dc-a92fb14a8acc	POST	/courses	http://localhost:5173
20231223	17:11:11	f93b945d-1fbe-4806-a8e1-c6350f88a902	POST	/courses	http://localhost:5173
20231223	17:13:38	2d4e49f5-a0de-44dc-b2be-fd38295603f2	POST	/courses	http://localhost:5173
20231223	17:13:52	5f294ce7-ade5-4d7c-b1cc-c990336a31e9	GET	/courses	undefined
20231223	17:14:54	9f5d74b7-923f-4597-9b2e-9bce6dcf103d	POST	/courses	http://localhost:5173
20231223	17:14:55	9009aa9c-c70d-43dc-8ad5-723c7c0f084e	POST	/courses	http://localhost:5173
20231223	17:14:55	22eaa935-d813-42a5-b749-e2e78a709a11	POST	/courses	http://localhost:5173
20231223	17:14:55	948713be-8027-495d-98ba-6c0d3a5d1720	POST	/courses	http://localhost:5173
20231223	17:14:55	be0f0bf2-69f0-4d72-bdc7-4c3d6c270ad7	POST	/courses	http://localhost:5173
20231223	17:15:19	3d20e71d-1279-4005-a4d8-a7ab56b2a8eb	POST	/courses	undefined
20231223	17:15:48	1bbb9242-0c6c-4f13-9ae8-d1f6e0633f6c	GET	/courses	undefined
20231223	17:15:50	1df4bedc-a8df-4eed-857d-3371841b17b6	POST	/courses	undefined
20231223	17:18:21	02710810-65ed-4259-9623-72660f1c0583	POST	/courses	undefined
20231223	17:18:24	d5cd8aa6-5007-464d-87ff-105acfd3d583	GET	/courses	undefined
20231223	17:22:27	4fbce0fc-93c1-4d5c-b141-6c4eb72d909b	POST	/courses	http://localhost:5173
20231223	17:24:36	bde91ef8-db47-45db-b66e-53fc0ed99e25	POST	/courses	http://localhost:5173
20231223	17:27:38	4002c3bf-3f17-47d9-bef3-d5a3e4fec262	POST	/courses	undefined
20231223	17:27:58	d19fc70b-080a-49bb-b8f6-81af905a80f1	GET	/courses	undefined
20231223	17:29:11	d4c96942-d7ad-4d0e-8d8a-6c916bea84dd	POST	/courses	undefined
20231223	17:29:33	4927f373-09fe-4369-8660-79acbeabc351	DELETE	/courses	undefined
20231223	17:29:38	009f1773-1a71-4e6d-907e-4edffa533901	GET	/courses	undefined
20231223	17:31:30	e146ba79-b7f3-4323-a48b-a64d0fbc3f64	GET	/courses	http://localhost:5173
20231223	17:31:31	305755d6-d84d-4abf-8c49-3637528fb3bb	GET	/courses	http://localhost:5173
20231223	17:34:53	a459deee-197c-4f6e-a4e7-1d967b2c7c24	GET	/courses	http://localhost:5173
20231223	17:34:53	baa42f32-2133-4d0c-ae13-da10f55e74b7	GET	/courses	http://localhost:5173
20231223	17:34:56	23fdeb86-4f6b-4a29-a831-1f49e64a3149	GET	/courses	http://localhost:5173
20231223	17:34:57	d9309661-1b7a-424e-9325-3c57dfe1b1ee	GET	/courses	http://localhost:5173
20231223	20:48:20	771eb1c8-44a8-430b-86c9-8b95ddd59810	GET	/	undefined
20231223	20:48:20	c7b305b7-3854-41c0-b274-967d99c741fb	GET	/css/style.css	undefined
20231223	20:48:20	05205995-bea6-4297-8043-6553fd1ccfac	GET	/favicon.ico	undefined
20231223	20:48:23	ef8d6b67-f5a7-4847-8165-919427f5eee4	GET	/courses	http://localhost:5173
20231223	20:48:23	62f606da-a668-44d4-8ac5-e6fc73fecd16	GET	/courses	http://localhost:5173
20231223	20:56:48	adff9e31-16af-48f5-a67f-78965eda8e5a	GET	/courses	http://localhost:5173
20231223	20:56:49	d5913ac1-083e-4b58-b64c-92cefaa4b0d6	GET	/courses	http://localhost:5173
20231223	20:57:07	dff0304b-364d-461b-b4cd-f6921072b65b	POST	/courses	http://localhost:5173
20231223	21:01:04	0ba9f21e-12b6-4b34-92d8-3382ee545d35	POST	/courses	http://localhost:5173
20231223	21:12:47	64e86621-6ca5-475a-890f-a8e42a93ecc2	POST	/courses	http://localhost:5173
20231223	21:17:03	4d66501b-ea77-4f4e-bb87-f825b282b50a	POST	/courses	http://localhost:5173
20231223	21:18:28	07a2e0bd-53d6-4c16-b00b-38e2694639cd	POST	/courses	http://localhost:5173
20231223	21:26:31	d394b3d1-0770-4a35-bef5-6afe93de7149	POST	/courses	http://localhost:5173
20231223	21:32:19	42bea360-2561-4072-abd1-fd72d5beb756	POST	/courses	http://localhost:5173
20231223	21:32:32	7a1ee807-0018-462f-8bc1-8e4c960553cb	GET	/courses	undefined
20231223	21:32:43	87488777-c84c-44af-90b9-61f79ddba7f3	GET	/courses	undefined
20231223	21:32:58	46a33644-c8f5-477b-9ad9-49b03a91c8ba	GET	/css/style.css	undefined
20231223	21:34:18	bc269ae0-bc0a-4eff-9639-ab46d1808f17	POST	/courses	http://localhost:5173
20231223	21:34:25	cc828c7a-10e7-43df-9aef-b25b7af27fc3	GET	/courses	undefined
20231223	21:39:33	6344f10f-3cb3-4c4e-9ac3-55ff240baf27	POST	/courses	http://localhost:5173
20231223	21:39:38	f7df43c0-5f92-460f-b71b-cb6defe48830	GET	/courses	undefined
20231223	21:42:35	ceb022ed-bbfa-4f57-9b2d-c783a80f0ab2	POST	/courses	http://localhost:5173
20231223	21:50:00	f29e328d-13f5-46e6-a0de-5c2e46b3c9c5	POST	/courses	http://localhost:5173
20231223	21:54:51	8f99d832-4412-47a5-a4ac-6c7914e1472c	POST	/courses	http://localhost:5173
20231223	21:56:14	fea72d5c-7df0-439f-becb-7d57224ddd2c	POST	/courses	http://localhost:5173
20231223	21:57:11	711261c4-c18b-423b-bc53-fdf9705a10a7	POST	/courses	http://localhost:5173
20231223	21:57:15	4db005a6-d785-43f3-a374-d569b35165cb	GET	/courses	undefined
20231223	22:09:44	fcb2549a-9af0-4e34-9ad5-48aaaaf2001b	GET	/courses	http://localhost:5173
20231223	22:09:44	892829c1-efd0-43ad-8c12-f2cdce616cdb	GET	/courses	http://localhost:5173
20231223	22:09:49	ea6b36f6-3605-4986-8b40-5f734e7055ea	GET	/courses	http://localhost:5173
20231223	22:09:49	a5b31ded-b9ee-4f63-82e9-da0c634c6b74	GET	/courses	http://localhost:5173
20231223	22:09:57	13eebb72-1acb-4f3b-bc4e-6a54d493d507	GET	/courses	http://localhost:5173
20231223	22:09:57	3bd8ce07-142c-4198-b441-9dfb79a67809	GET	/courses	http://localhost:5173
20231223	22:14:27	091fca84-99f2-4403-af35-6a24774b7280	POST	/courses	http://localhost:5173
20231223	22:14:34	3df077f5-ef21-45a3-a63c-ea803b3504ef	GET	/courses	undefined
20231223	22:15:07	50e9c786-ec88-45b0-b185-3e4ad93d8a2f	POST	/courses	http://localhost:5173
20231223	22:19:51	5135ff65-8509-46a3-af55-dffd38461160	GET	/users	undefined
20240105	23:11:41	7cadf74a-35e5-4665-aef7-c4ed1a79ff4d	GET	/users	undefined
20240105	23:12:32	07652b61-779d-46e2-b8e1-075f634d52ce	GET	/users	undefined
20240105	23:12:48	41811897-c249-429e-a9e1-157c65c1a40c	POST	/users	undefined
20240105	23:12:52	aa30b8a5-f034-4cb4-ba13-2c4be461ce09	POST	/users	undefined
20240105	23:12:57	09ad00c4-f087-4332-91f0-81ead7fdc05c	GET	/users	undefined
20240105	23:13:42	85ca7a68-1ce2-4306-a9ab-08d52a827707	PATCH	/users	undefined
20240105	23:13:47	fb911044-970a-4f68-a4b0-ecb67f73f6b7	GET	/users	undefined
20240105	23:14:05	e7a809b0-2d03-40fb-85a6-6aa25d6e9060	DELETE	/users	undefined
20240105	23:14:15	b4bb04bc-976a-449b-9c30-3b56b5505ef1	GET	/users	undefined
20240105	23:14:17	0bfe4c8d-0136-4186-b5d2-0e0fc8b3674e	DELETE	/users	undefined
20240105	23:14:26	de6dd524-b086-4630-ac70-a82769e1eb78	POST	/users	undefined
20240105	23:14:28	8271cbd1-a4c4-4c4e-8055-a7bcea12d04f	GET	/users	undefined
20240105	23:15:17	bcbfd253-f702-42eb-b717-4d59cfd28409	GET	/users	undefined
20240105	23:15:27	7dc1c6fd-baff-466f-8110-5b75c568620a	GET	/users	undefined
20240105	23:15:58	d9099e49-ce0e-4cf1-8188-184a899e546d	GET	/	undefined
20240105	23:16:18	074beaf5-96d7-4203-ad82-7b7b527fe013	POST	/	undefined
20240105	23:17:46	7384e28c-4aa7-4ce3-9a75-46e89562eb08	POST	/	undefined
20240105	23:18:32	d2335a0d-0db4-488c-94ed-87b772da0ed7	GET	/	undefined
20240105	23:18:37	6961ab80-536c-4121-af3a-fd43bc748ba2	POST	/	undefined
20240105	23:18:43	6faf8b02-d91f-448e-bc3e-6c04a413a814	POST	/	undefined
20240105	23:19:35	24c92ed1-c8c9-4379-a145-c162428d3bde	POST	/auth	undefined
20240105	23:19:39	86b33106-ac32-46bb-9cb8-f4b5b38a3ba6	GET	/auth	undefined
20240105	23:19:42	67a66b29-6103-4545-bce7-4ab5f9451db9	POST	/auth	undefined
20240105	23:19:47	34fc8a60-4bb1-4ecc-8fd9-e79f113b6acd	POST	/auth	undefined
20240105	23:19:57	a276b35a-5f3f-49aa-9e75-4226da1a5675	POST	/auth	undefined
20240105	23:20:21	524c4eaf-37c7-41cb-980f-b309e2466f5e	POST	/auth	undefined
20240105	23:21:11	22bd0616-8c64-45f9-a9f7-6d109042a3d7	POST	/auth	undefined
20240105	23:22:03	09805def-c849-415a-ab86-3d1fd95449e6	GET	/users	undefined
20240105	23:22:10	15018665-1689-4d34-ae1c-852b47f9fbaa	POST	/auth	undefined
20240105	23:22:17	bfe5e602-6f4f-427c-aa06-d8324a2170d4	GET	/users	undefined
20240105	23:22:19	17ac0d60-cb19-4f77-9f00-d452ed41068a	GET	/users	undefined
20240105	23:22:24	10048f75-8e4a-49a7-9010-6be02cc0fe07	GET	/users	undefined
20240105	23:23:12	a99fcd64-70d6-4c03-a98f-d744c524f1d4	GET	/auth/refresh	undefined
20240105	23:23:28	5561659b-2dbc-4b51-a5ee-56a9a6ffc566	GET	/auth/refresh	undefined
20240105	23:23:40	f6404d3e-6a26-4a5d-b862-5ea9f976cbe8	GET	/users	undefined
20240105	23:23:42	8363a56a-2ada-44e0-a2cc-d13a7b621f6b	GET	/users	undefined
20240105	23:23:44	d1550a07-dbf2-4436-ae2a-0f9a9d0bd7ee	GET	/users	undefined
20240105	23:23:45	bff58e8b-d096-4748-a3a5-50afc8dce7be	GET	/users	undefined
20240105	23:23:47	188f2adb-fbb8-4012-819f-8049cb2e87b8	GET	/users	undefined
20240105	23:23:49	b8fa0357-a7ce-44b9-956b-f357c0317d4c	GET	/users	undefined
20240105	23:23:51	748b837a-d76e-4658-9c83-6b770d1ad519	GET	/users	undefined
20240105	23:23:53	19acacfb-47b1-4d5b-b30a-40467b77fb2b	GET	/users	undefined
20240105	23:25:17	01884fec-aaec-48bb-b389-3f32fa8b2792	POST	/auth/logout	undefined
20240106	01:23:20	07ad5a22-125d-4051-bd7b-2f3af5eb3e39	OPTIONS	/auth	http://localhost:5173
20240106	01:23:20	dc4b7cd7-02de-46f5-af5c-535789c6fe58	POST	/auth	http://localhost:5173
20240106	01:23:42	b5b2cbdb-6c32-41ae-9822-97e353cefe21	OPTIONS	/auth	http://localhost:5173
20240106	01:23:42	174574a3-ea28-4466-aad0-59b721b4e704	POST	/auth	http://localhost:5173
20240106	01:24:28	22e64336-984f-4bf9-b043-ae4b19d3fd77	OPTIONS	/auth	http://localhost:5173
20240106	01:24:28	eac9798a-066a-4d33-a3b5-42b28479db6c	POST	/auth	http://localhost:5173
20240106	01:24:33	68ad64e5-ef28-455c-baa2-09fca4b3d951	OPTIONS	/auth	http://localhost:5173
20240106	01:24:33	b29ae09f-49d0-4720-986a-d9f7b1c7c034	POST	/auth	http://localhost:5173
20240106	01:31:10	03e48fa5-136c-4116-bcb8-74d4fd1c4d8a	OPTIONS	/auth	http://localhost:5173
20240106	01:31:10	5cd583ce-588d-4ae2-b346-6a6907ca8d8b	POST	/auth	http://localhost:5173
20240106	01:31:14	13c667af-c67d-4dc4-b8fd-e132556fff17	POST	/auth	http://localhost:5173
20240106	01:47:47	56c200be-e28e-4bfa-bb33-3aaf0b9d5865	OPTIONS	/login	http://localhost:5173
20240106	01:47:47	54453d03-4bc6-4209-af5f-c5913c8ba6e6	POST	/login	http://localhost:5173
20240106	01:48:42	8e008c0d-3067-4db9-867e-446e7008f96e	OPTIONS	/auth	http://localhost:5173
20240106	01:48:42	caee4a62-9e78-4b6f-834d-27e332ebcadb	POST	/auth	http://localhost:5173
20240106	01:51:23	40b50d06-5ad5-47ef-b9fa-c4f434bea7d2	OPTIONS	/auth	http://localhost:5173
20240106	01:51:23	fb5c4651-ee8f-4ea6-b624-98f978d99fe9	POST	/auth	http://localhost:5173
20240106	01:53:07	760e4a6e-a6cd-4dd1-8e7b-6c58df86ed6a	OPTIONS	/auth	http://localhost:5173
20240106	01:53:07	76799359-a54a-4017-be02-5783a3128dcd	POST	/auth	http://localhost:5173
20240106	01:53:50	109bbf8e-97a5-4657-a6a6-eef2826f89f2	POST	/auth	undefined
20240106	01:54:38	2d957e46-046b-48fe-881f-188704cbc1f5	OPTIONS	/auth	http://localhost:5173
20240106	01:54:38	6d3d62c3-0f08-4b31-95ca-760bae6f3d15	POST	/auth	http://localhost:5173
20240106	01:55:26	5969d805-1a2e-4e59-a123-79472461977c	OPTIONS	/auth	http://localhost:5173
20240106	01:55:26	31026251-af0b-4bc7-9e14-2b37cdc8a888	POST	/auth	http://localhost:5173
20240106	01:56:03	18d1fd57-dce8-4618-8428-e43321800819	OPTIONS	/auth	http://localhost:5173
20240106	01:56:03	57d100ae-f006-4db8-aeaa-cde6baec5dd1	POST	/auth	http://localhost:5173
20240106	01:59:13	90281479-b14b-4c84-9d7a-418727889ada	OPTIONS	/auth	http://localhost:5173
20240106	01:59:13	ae40fdfe-2b53-4c0f-866e-f06f18a6b2a1	POST	/auth	http://localhost:5173
20240106	02:18:37	ad4e9d4f-e1ac-4955-8b2d-348d4fbeacbd	OPTIONS	/auth	http://localhost:5173
20240106	02:18:37	4af76319-5b00-4b53-a850-f9c3c806c3a5	POST	/auth	http://localhost:5173
20240106	02:22:56	e4a5ddce-31de-4e87-9c54-c45219da50c8	OPTIONS	/auth	http://localhost:5173
20240106	02:22:56	0597418b-13b4-49da-99fd-ab5ce3046b0e	POST	/auth	http://localhost:5173
20240106	02:30:32	2ac8c457-b600-4dc0-b2d2-969feb08bd36	OPTIONS	/auth	http://localhost:5173
20240106	02:30:32	49b2ec24-9728-4a5d-a34c-333be9069664	POST	/auth	http://localhost:5173
20240106	02:55:57	83253e25-fb1e-4b2c-ae42-b95e372c62c9	OPTIONS	/auth	http://localhost:5173
20240106	02:55:57	17d9ba8a-56b7-48b1-84a9-1358bafeea73	POST	/auth	http://localhost:5173
20240106	02:57:24	6d98321d-9581-4354-a0a9-d8fd41594c5c	OPTIONS	/auth	http://localhost:5173
20240106	02:57:24	9d368d5e-1c97-455a-b187-415566f98177	POST	/auth	http://localhost:5173
20240106	03:05:31	aa8e99cb-b76c-4225-bb8b-7f507461bfe2	OPTIONS	/auth	http://localhost:5173
20240106	03:05:31	38e8aff7-d3a2-4c21-8a7e-d9ead79b9951	POST	/auth	http://localhost:5173
20240106	03:09:26	9cc77d6a-8686-47a3-980d-8bfe53dee101	OPTIONS	/auth	http://localhost:5173
20240106	03:09:26	33914d29-911a-4906-9397-bc1349713873	POST	/auth	http://localhost:5173
20240106	10:49:53	09fe5544-c0cf-4ac6-a43f-b5dbf4d6bda4	OPTIONS	/auth	http://localhost:5173
20240106	10:49:53	4e4c7635-80c9-4826-9d35-cd01997e435f	POST	/auth	http://localhost:5173
20240106	10:55:26	dabbfc21-7681-4c91-8336-a7c0d3c07c31	OPTIONS	/auth	http://localhost:5173
20240106	10:55:26	d72f282b-72e2-4a1b-8c7f-314e2399311f	POST	/auth	http://localhost:5173
20240106	10:55:41	12f5141e-bfaf-4640-8d17-f6b014a8fdfc	OPTIONS	/auth	http://localhost:5173
20240106	10:55:41	6d6f14d0-148d-40b7-938d-242754f2a15b	POST	/auth	http://localhost:5173
20240106	10:56:15	63e87d51-a304-4f4f-aa4d-bc1f8f559e67	OPTIONS	/auth	http://localhost:5173
20240106	10:56:15	b0128ffe-edb5-4846-9ae6-d91d9933d371	POST	/auth	http://localhost:5173
20240106	11:01:54	6213fb14-ade3-42f6-8f5f-ac4d538e98af	POST	/auth	undefined
20240106	11:02:06	0a615d76-dd2d-4979-a45d-c9901a830ab5	POST	/auth/logout	undefined
20240106	11:02:10	4a21403b-d519-48a3-984e-ed18d96dfd65	POST	/auth	undefined
20240106	11:02:58	5de48767-f144-4bb0-9ad0-28b11a0cf2ad	POST	/auth/logout	undefined
20240106	11:03:02	0c68cb0a-0450-41de-86a3-3243e16e068a	POST	/auth	undefined
20240106	11:03:34	931ae7ff-97cc-4ee9-a9d0-47d8152ee153	POST	/auth	undefined
20240106	11:03:47	72295472-8eb9-4acf-9221-eb9f05ad659c	GET	/users	undefined
20240106	11:03:48	0fe7446b-7d43-4d9f-b863-e7825c592854	GET	/users	undefined
20240106	11:03:53	28dbb3e3-e6b4-41cb-9888-77e95b3a76e4	POST	/auth	undefined
20240106	11:04:02	b4743e66-51a5-41d0-ab98-767dd039a62d	GET	/users	undefined
20240106	11:04:05	9f373e51-1a22-466c-9eaf-83a207680b6d	GET	/users	undefined
20240106	11:05:41	3e331432-346a-4d8c-8c8a-6c52fcde238b	OPTIONS	/auth	http://localhost:5173
20240106	11:05:41	1864ddaa-39c4-4e81-8099-607ad1ca856a	POST	/auth	http://localhost:5173
20240106	11:06:27	41a2e8e7-8bcf-41e7-9b9f-55a38e346fb1	OPTIONS	/auth	http://localhost:5173
20240106	11:06:27	289e2ebe-72d3-43d0-8c5e-f8ebecd3e939	POST	/auth	http://localhost:5173
20240106	11:06:58	57fd56ed-ea45-490d-9759-c6f5dff240a1	OPTIONS	/auth	http://localhost:5173
20240106	11:06:58	196ec4ed-bda2-4cb4-b230-60e6ddf8b044	POST	/auth	http://localhost:5173
20240106	11:07:13	6ba0c114-b351-41c6-80fd-c276ca2572ce	OPTIONS	/auth	http://localhost:5173
20240106	11:07:13	2f7e7c7c-fe96-44b0-9b0a-97fd3644d965	POST	/auth	http://localhost:5173
20240106	11:40:49	4501dd0c-3c65-4869-855b-24cad70929f7	POST	/auth	undefined
20240106	11:40:53	f64b8926-5396-4639-97ce-210b07364c81	GET	/users	undefined
20240106	11:41:16	41b47c10-efe4-4d14-8bc5-3af98aa25e75	GET	/auth/refresh	undefined
20240106	11:41:30	69f383cd-e5b3-450d-bcc6-d0c054f79a0b	GET	/users	undefined
20240106	11:59:09	90842cff-a967-4c87-af83-393464a58aae	OPTIONS	/auth	http://localhost:5173
20240106	11:59:09	b9153116-97b1-40d2-a1ad-93c32b224f0c	POST	/auth	http://localhost:5173
20240106	12:26:04	7b25ec39-4b43-462c-938c-1aa4ef7bd34b	POST	/course//subscribe	undefined
20240106	12:26:26	08f64cac-f99e-4065-9231-debd336d7638	POST	/courses/subscribe	undefined
20240106	12:27:09	19526d4a-c825-4515-a88b-c1b6855b8427	POST	/courses/subscribe	undefined
20240106	12:27:58	0d4e9054-0441-4148-9585-17bbf8d05b3d	POST	/courses/subscribe	undefined
20240106	12:28:30	9581a1e2-9a18-47ad-8926-b4db36ed54f5	POST	/courses/subscribe	undefined
20240106	12:32:58	e27c28f1-055a-44d8-bd95-b03c1382614c	POST	/courses/subscribe	undefined
20240106	12:40:53	d855cb22-0fc8-44f2-b67c-71a8a212ab58	OPTIONS	/auth	http://localhost:5173
20240106	12:40:53	9544a0ad-2589-4b83-884d-24d79ec0f75e	POST	/auth	http://localhost:5173
20240106	14:44:17	77b10ea4-c8cf-4fd8-8968-729cbf43a503	OPTIONS	/auth	http://localhost:5173
20240106	14:44:17	e0643d07-87fd-4d66-9f40-b0f700f2ea11	POST	/auth	http://localhost:5173
20240106	14:44:21	6dc8a629-b331-43a8-8366-a17c9bab78ea	POST	/auth	http://localhost:5173
20240106	14:47:37	87f5b783-d2d5-417e-8689-61e680b8b04e	OPTIONS	/auth	http://localhost:5173
20240106	14:47:37	7464180b-139c-42b7-a020-8f814ab6c342	POST	/auth	http://localhost:5173
20240106	15:19:29	75e9cac9-e44d-4f91-a775-f277561aa1c2	OPTIONS	/auth	http://localhost:5173
20240106	15:19:29	ce8185bd-c723-43ea-90e1-ec629a6cc8bd	POST	/auth	http://localhost:5173
20240106	15:19:31	41f964dd-ee56-4d20-8fa8-e4ccbcae75b7	OPTIONS	/auth/logout	http://localhost:5173
20240106	15:19:31	c75289b7-4697-4168-b1e9-42e7118ebc83	POST	/auth/logout	http://localhost:5173
20240106	15:26:41	d2a1f12a-6116-4549-89ed-1fc6b68d7f41	OPTIONS	/auth	http://localhost:5173
20240106	15:26:41	683c26fa-57d6-42b2-8f4d-28cdd92b4bce	POST	/auth	http://localhost:5173
20240106	15:26:44	17b9b85e-cffb-43bc-a33a-8c07e814b2ae	OPTIONS	/auth/logout	http://localhost:5173
20240106	15:26:44	b5e8355d-cf77-4c7c-a780-381440ff7807	POST	/auth/logout	http://localhost:5173
20240106	15:30:07	119c3c96-9439-4299-925b-4b27d4008299	OPTIONS	/auth	http://localhost:5173
20240106	15:30:07	c7f43fb4-4ca3-4d05-af63-459964b45e1e	POST	/auth	http://localhost:5173
20240106	15:30:11	a8c1cd99-65d0-4a06-8b41-b6d64b281d46	POST	/auth	http://localhost:5173
20240106	15:30:16	30844ae9-e38c-4888-ac4f-7501a8c45c7d	OPTIONS	/auth/logout	http://localhost:5173
20240106	15:30:16	7405556e-7d8f-4ecb-bd99-f6a46c046a3e	POST	/auth/logout	http://localhost:5173
20240106	15:34:59	372666df-6a6e-456a-a690-12fc0ceff62b	OPTIONS	/users	http://localhost:5173
20240106	15:34:59	dcd3302e-c018-44cc-8eeb-3aefdbea5661	POST	/users	http://localhost:5173
20240106	15:38:35	7864c08b-067b-401c-847d-623b2778f922	OPTIONS	/users	http://localhost:5173
20240106	15:38:35	18b1373e-affa-4f12-a290-301e0808a74b	POST	/users	http://localhost:5173
20240106	15:41:59	261b60ac-5424-47d2-8553-b1de16ea2404	OPTIONS	/users	http://localhost:5173
20240106	15:41:59	f933635f-9262-4974-b8d2-2b5de4ef556f	POST	/users	http://localhost:5173
20240106	15:42:00	bff9bd7a-7c02-4d47-90d5-b6ef2a31d410	OPTIONS	/auth	http://localhost:5173
20240106	15:42:00	b72b227c-a3ba-4dab-957c-39771630f80b	POST	/auth	http://localhost:5173
20240106	15:43:26	8b2fa407-7b94-4abb-9156-594ce67929f9	OPTIONS	/auth/logout	http://localhost:5173
20240106	15:43:26	f3424aae-569f-4e82-9162-458fd49d3ccf	POST	/auth/logout	http://localhost:5173
20240106	15:43:38	1f20a21a-779f-42e2-82ab-75e27e55dfe7	OPTIONS	/auth	http://localhost:5173
20240106	15:43:38	6f241c40-a800-42b3-9b77-e725f8e94725	POST	/auth	http://localhost:5173
20240106	15:43:46	d1660e82-8559-4d35-a222-b5bf2447037a	OPTIONS	/auth	http://localhost:5173
20240106	15:43:46	88113c8a-7ac3-4332-ab14-dda149a5dce3	POST	/auth	http://localhost:5173
20240106	15:46:55	41d86573-0061-431b-a978-9d032323a2a2	OPTIONS	/auth/logout	http://localhost:5173
20240106	15:46:55	b278d8ec-3db9-47d0-87fc-20813c83b9c0	POST	/auth/logout	http://localhost:5173
20240106	15:52:11	01c31dc4-5c6b-43a1-b055-957712e5ec1a	OPTIONS	/auth	http://localhost:5173
20240106	15:52:11	e44b953f-c1e3-46cd-81f8-2011f9356701	POST	/auth	http://localhost:5173
20240106	15:52:57	c7a11aee-a45d-428e-ac2c-2e1d6ac7501f	OPTIONS	/auth/logout	http://localhost:5173
20240106	15:52:57	8fb92b7a-fccc-4df7-b482-86fb30db8140	POST	/auth/logout	http://localhost:5173
20240106	15:55:04	3ccae580-1f19-41b1-a229-555546713f60	OPTIONS	/auth	http://localhost:5173
20240106	15:55:04	42894685-af74-48ac-b5f1-41c27618422d	POST	/auth	http://localhost:5173
20240106	15:59:08	0796dbe7-1a9c-44d3-8e25-85327b1f15c2	POST	/auth	undefined
20240106	15:59:14	cd8c1d24-e458-4657-a4d6-03dc7cb76fe4	GET	/users	undefined
20240106	15:59:25	0bac4857-2382-4d2e-a563-a3ee49311fe7	POST	/users	undefined
20240106	16:00:05	c4a8d799-8c0f-4540-8f7e-fcbc9d84817f	POST	/auth/signin	undefined
20240106	16:01:18	d053a4bf-1f5a-4802-8640-d1f60e229f1c	OPTIONS	/auth/logout	http://localhost:5173
20240106	16:01:18	e7d1f284-1769-4652-8bc1-571925b327cd	POST	/auth/logout	http://localhost:5173
20240106	16:03:09	134bbe66-a91c-45c5-a41d-d7f84bd8f5d7	OPTIONS	/auth	http://localhost:5173
20240106	16:03:09	fa414150-f59a-4f4d-b64d-0b110942f3dc	POST	/auth	http://localhost:5173
20240106	16:10:04	9a5fd12d-cbfb-462a-b2a9-f3b0c771efdc	OPTIONS	/users	http://localhost:5173
20240106	16:10:04	faa5a393-f80a-46f7-9bd8-22039280fb93	DELETE	/users	http://localhost:5173
20240106	16:17:30	da53574a-b059-4c38-9336-4c8101619925	OPTIONS	/users	http://localhost:5173
20240106	16:17:30	a71d09b4-45d0-44f0-a72c-01d4086e6a4d	DELETE	/users	http://localhost:5173
20240106	16:18:36	d934bc96-9072-42a2-a7b2-78b82ac8e4e1	DELETE	/users	undefined
20240106	16:18:48	a879bd7d-b454-4417-b4bc-e95569223746	DELETE	/users	undefined
20240106	16:19:02	24524829-0ef8-4d0f-a376-c23ef336cd8d	POST	/auth	undefined
20240106	16:19:10	55f21d2c-d0ba-474a-98be-5422caaf7a7e	DELETE	/users	undefined
20240106	16:19:27	ddc5dce7-38f2-4d0f-8f2b-cc82f1c46772	POST	/auth	undefined
20240106	16:19:29	1ec9b9ed-4fb2-476c-bbc7-3606476ec25f	DELETE	/users	undefined
20240106	16:19:39	02c557f5-0839-40e7-861b-c7967c947959	DELETE	/users	undefined
20240106	16:20:22	75606f47-ebf0-4974-96e6-fbcd19e332f0	DELETE	/users	undefined
20240106	16:20:27	5a792763-48bb-485f-a098-373bc1ead3d6	POST	/auth	undefined
20240106	16:20:31	17a727bf-7f08-4603-8e1f-f52a54474e62	DELETE	/users	undefined
20240106	16:20:33	445f3211-fc22-4ebd-8069-025cb5017c01	POST	/auth	undefined
20240106	16:20:39	4248dd83-8711-42e3-bed7-4da926287006	DELETE	/users	undefined
20240106	16:22:03	f137dc92-99c4-44a4-b469-87293beb2cba	OPTIONS	/users	http://localhost:5173
20240106	16:22:03	81d2bc51-1d24-4e71-82a6-42d0c34325ad	POST	/users	http://localhost:5173
20240106	16:22:55	b58bf0ad-526c-4c05-aea8-b567d9f67621	OPTIONS	/auth/signup	http://localhost:5173
20240106	16:22:55	fac73e66-98ee-41bf-ad14-1129cf9cf450	POST	/auth/signup	http://localhost:5173
20240106	16:23:36	778e1edc-75cf-4f4d-9ff9-24242968d7af	OPTIONS	/auth/signup	http://localhost:5173
20240106	16:23:36	3ea58818-6a26-41aa-acd2-d00210f3a38d	POST	/auth/signup	http://localhost:5173
20240106	16:23:37	9c854e47-6187-427e-bfae-da4686a3d63a	OPTIONS	/auth	http://localhost:5173
20240106	16:23:37	320817ad-8344-4c15-b602-887900862378	POST	/auth	http://localhost:5173
20240106	16:24:05	774d7e3b-fc98-463b-b69a-1be04961efe1	OPTIONS	/users	http://localhost:5173
20240106	16:24:05	ad4260d6-30f9-4ded-ae67-8cbdb320c3a2	DELETE	/users	http://localhost:5173
20240106	16:26:12	fd40d673-5d51-423a-852c-97836ca97f58	OPTIONS	/users	http://localhost:5173
20240106	16:26:12	0ce6de28-6356-4824-a332-5c0663a601ea	DELETE	/users	http://localhost:5173
20240106	16:32:41	a5bbb82a-71e6-4e95-b7e4-1c33950777b8	OPTIONS	/users	http://localhost:5173
20240106	16:32:41	02236a1b-95ef-48e1-bd41-f110d4329a11	DELETE	/users	http://localhost:5173
20240106	16:32:46	6765812f-b4e7-416f-ad84-9f1374ab450f	DELETE	/users	http://localhost:5173
20240106	16:34:32	5b6d5ec7-821d-4d2e-a23d-45af6249376b	OPTIONS	/users	http://localhost:5173
20240106	16:34:32	b5ea37b3-08f1-478f-8e2a-2d61b831c661	DELETE	/users	http://localhost:5173
20240106	16:40:59	a46fa5be-7e00-494a-940a-41266e4aae67	OPTIONS	/users	http://localhost:5173
20240106	16:40:59	c86edf02-5926-4237-b65d-703c1a3a3d4d	DELETE	/users	http://localhost:5173
20240106	16:40:59	ae4bfc3b-bb1f-4921-b22d-6ce48b35ef9a	GET	/auth/refresh	http://localhost:5173
20240106	16:46:11	c785f309-7a98-47be-b35e-c5bd3144b996	OPTIONS	/auth/refresh	http://localhost:5173
20240106	16:46:11	8b872695-afb1-444c-9141-8b3791fed12e	GET	/auth/refresh	http://localhost:5173
20240106	16:46:20	61b700a7-ee54-4da2-9f3d-54bc55c4bb9a	OPTIONS	/auth/refresh	http://localhost:5173
20240106	16:46:20	1c6eac55-2ea0-41cb-af56-66886430c5fa	GET	/auth/refresh	http://localhost:5173
20240106	16:47:32	44a5d1c2-799a-4359-99ba-9248fc0020b3	OPTIONS	/auth/refresh	http://localhost:5173
20240106	16:47:32	6cd95567-9419-4782-b5b3-7348506788ca	GET	/auth/refresh	http://localhost:5173
20240106	16:47:46	b1e158c1-485a-4b97-8e19-80e4f3b095b3	OPTIONS	/auth/refresh	http://localhost:5173
20240106	16:47:46	0db378e9-c235-45da-98f6-fbbe8bd587ba	GET	/auth/refresh	http://localhost:5173
20240106	16:48:39	e92ebddd-7b9c-4f36-bb8d-9789acf076cb	OPTIONS	/users	http://localhost:5173
20240106	16:48:39	766f04dc-ad24-4498-a7d5-1f762bb2a3bc	DELETE	/users	http://localhost:5173
20240106	16:48:41	543da6b1-9759-48ae-9f9a-c40784a25804	DELETE	/users	http://localhost:5173
20240106	16:53:29	bed63989-3c8d-4cf4-be8c-21a537bd13ce	GET	/auth/refresh	http://localhost:5173
20240106	16:53:29	53ab75e4-8954-4045-a417-54c099dd5133	GET	/auth/refresh	http://localhost:5173
20240106	16:55:12	669b6c90-d72a-46cc-a2a1-d1e7271da2a5	OPTIONS	/auth/refresh	http://localhost:5173
20240106	16:55:12	369e118d-770e-4a50-bef4-aabec6071636	GET	/auth/refresh	http://localhost:5173
20240106	16:55:14	a4e4b351-8f13-4a14-b86a-c1406aca8cd6	GET	/auth/refresh	http://localhost:5173
20240106	16:55:14	10f98785-cf65-425f-a03b-20d77eb8a6c2	GET	/auth/refresh	http://localhost:5173
20240106	16:55:15	46637938-6378-4141-9d74-75637ad9551d	GET	/auth/refresh	http://localhost:5173
20240106	16:55:15	48e1cd92-5594-43e9-a816-88ba27b37cd2	GET	/auth/refresh	http://localhost:5173
20240106	16:56:35	2f9aaccd-4a39-49a9-9161-fd93bdb88e6d	OPTIONS	/auth/refresh	http://localhost:5173
20240106	16:56:35	d5849933-284b-4baf-81cb-587c431b97d6	GET	/auth/refresh	http://localhost:5173
20240106	16:56:37	faf73064-8e1b-4747-b27b-aee7396643bb	GET	/auth/refresh	http://localhost:5173
20240106	16:56:37	4064e1de-0d47-44ad-89f9-4f95dd786610	GET	/auth/refresh	http://localhost:5173
20240106	16:56:37	7938d20f-2391-4474-be13-ee9735671dad	GET	/auth/refresh	http://localhost:5173
20240106	16:56:37	d78181d0-84c3-4e27-86e5-e0c3560ce1f4	GET	/auth/refresh	http://localhost:5173
20240106	16:56:38	1e55465f-aa84-4ff4-8bac-f41975165038	GET	/auth/refresh	http://localhost:5173
20240106	16:56:38	ed123519-bff7-490e-89d5-449ca41b6230	GET	/auth/refresh	http://localhost:5173
20240106	16:56:39	e4206772-9180-4047-9124-3bce3650f79b	GET	/auth/refresh	http://localhost:5173
20240106	16:56:39	50fc105f-79c7-4129-b238-bf85a68ec57f	GET	/auth/refresh	http://localhost:5173
20240106	16:56:51	47a389ae-450e-4170-a6d7-10429c67e9e2	OPTIONS	/auth/refresh	http://localhost:5173
20240106	16:56:51	01c8381d-5d0c-42a7-a3ff-f1e320fda28c	GET	/auth/refresh	http://localhost:5173
20240106	16:57:15	0467f749-9eeb-409e-a58e-053629dd657e	OPTIONS	/auth/refresh	http://localhost:5173
20240106	16:57:15	d6c43aae-ccaa-4f42-a6e3-ab9503d80729	GET	/auth/refresh	http://localhost:5173
20240106	16:57:19	18f68dd6-77b2-428c-866b-4849645507d4	GET	/auth/refresh	http://localhost:5173
20240106	16:57:19	7f0a76d5-f6a4-4c71-9a4a-1457b0847e40	GET	/auth/refresh	http://localhost:5173
20240106	16:57:19	5424b7b2-6966-4bf4-be57-c9fa7cffe77e	GET	/auth/refresh	http://localhost:5173
20240106	16:57:19	29fd4cfe-eb96-4491-86c4-16911aa58654	GET	/auth/refresh	http://localhost:5173
20240106	16:57:27	7e6b34d1-aa45-4ca0-95de-e0965bfbd5b7	OPTIONS	/auth/refresh	http://localhost:5173
20240106	16:57:27	e28a79d4-f4b0-474e-a9ce-8a222fd5e1d2	GET	/auth/refresh	http://localhost:5173
20240106	17:03:18	06a40e04-360e-4712-a4d7-2819f26973b6	OPTIONS	/auth/refresh	http://localhost:5173
20240106	17:03:18	0b80f2b2-7e7e-49b4-b6ab-1e2ffb5bba0c	GET	/auth/refresh	http://localhost:5173
20240106	17:03:20	3d25aac0-7a16-4e72-9eb5-7ca40142fc21	GET	/auth/refresh	http://localhost:5173
20240106	17:03:20	ce68a8b7-46e0-4f5e-a42b-51b0a01ecf65	GET	/auth/refresh	http://localhost:5173
20240106	17:04:42	9887c846-b6ff-47c9-b591-362ccb08f70b	OPTIONS	/auth/refresh	http://localhost:5173
20240106	17:04:42	ac593bc5-a41d-44aa-b4c5-a31f4032c24d	OPTIONS	/auth/refresh	http://localhost:5173
20240106	17:04:42	1f6f9068-d9ed-467b-97d2-660f144907b3	GET	/auth/refresh	http://localhost:5173
20240106	17:04:42	67b74aad-e043-408c-a95c-cdb1e33cea2a	GET	/auth/refresh	http://localhost:5173
20240106	17:04:43	73eaee4e-7cde-49eb-962c-a9cf8ba37135	GET	/auth/refresh	http://localhost:5173
20240106	17:04:43	cb4fee4a-8745-4aef-8652-6392c2f8b7f1	GET	/auth/refresh	http://localhost:5173
20240106	17:05:34	8e9f5a76-b611-4e3f-bb4f-d51da3e4ccd4	OPTIONS	/auth/refresh	http://localhost:5173
20240106	17:05:34	666ad3e3-24c4-436b-ae2f-622467a75a51	GET	/auth/refresh	http://localhost:5173
20240106	17:05:41	bcda0cb7-2618-45f5-af6f-70d2c33c1451	OPTIONS	/auth/refresh	http://localhost:5173
20240106	17:05:41	3b702f4d-d1df-45ee-9a64-a2cd2cd026fa	GET	/auth/refresh	http://localhost:5173
20240106	17:05:44	7e84cf63-02e2-4f23-b2b0-f43a4953704a	GET	/auth/refresh	http://localhost:5173
20240106	17:05:44	3ae43c95-6b73-4cf0-899c-72d4e0aa3efd	GET	/auth/refresh	http://localhost:5173
20240106	17:08:22	8eb407dd-0f4c-4057-9df9-0a534788d654	OPTIONS	/auth/refresh	http://localhost:5173
20240106	17:08:22	76f659da-b5f9-452f-aedb-8be2f0ab8167	GET	/auth/refresh	http://localhost:5173
20240106	17:08:24	5b63c8c3-3d24-4b0e-af26-7f066349b522	GET	/auth/refresh	http://localhost:5173
20240106	17:08:24	7e714157-1424-43f4-a950-a83b34c0bf7f	GET	/auth/refresh	http://localhost:5173
20240106	17:08:53	f568aed8-f797-4fbe-be70-d9e5bd929efa	OPTIONS	/auth/refresh	http://localhost:5173
20240106	17:08:53	ded47696-ba28-4eb4-981b-00800e566c10	GET	/auth/refresh	http://localhost:5173
20240106	17:08:55	c412a134-c1a4-488e-922e-a92d38f25b70	GET	/auth/refresh	http://localhost:5173
20240106	17:08:55	9b1d00cb-3a67-4cfa-82e4-2649677583cb	GET	/auth/refresh	http://localhost:5173
20240106	17:09:16	68abe792-b54a-41a8-94c0-71d21fb48690	OPTIONS	/auth/refresh	http://localhost:5173
20240106	17:09:16	175b1503-84c5-42dc-a4c2-20a22cdc49b7	GET	/auth/refresh	http://localhost:5173
20240106	17:09:22	d3fcc58c-ff90-4170-90c1-3c78d8df958a	OPTIONS	/auth/refresh	http://localhost:5173
20240106	17:09:22	f2beda7a-09f3-400d-9ac1-22175c4360cb	OPTIONS	/auth/refresh	http://localhost:5173
20240106	17:09:22	130770d7-5fc4-4c7e-ab54-a9fef1b132be	GET	/auth/refresh	http://localhost:5173
20240106	17:09:22	6df3578f-6f93-4563-b999-7a8db555233f	GET	/auth/refresh	http://localhost:5173
20240106	17:09:41	16e0c053-92e3-4905-a4d4-30ec0d20d35b	OPTIONS	/auth/refresh	http://localhost:5173
20240106	17:09:41	8ebca1d3-1868-4ace-9f6e-91f0c0980a50	OPTIONS	/auth/refresh	http://localhost:5173
20240106	17:09:41	f5bdea5b-8a49-4950-9a91-1aa6bb7e4997	GET	/auth/refresh	http://localhost:5173
20240106	17:09:41	508b4636-7f2f-4362-b097-47fc46513f91	GET	/auth/refresh	http://localhost:5173
20240106	17:09:43	cf7fad79-4aca-4084-8b47-1819dd4d75a6	GET	/auth/refresh	http://localhost:5173
20240106	17:09:43	5d4b28c9-d472-42b8-8c28-04711040a70f	GET	/auth/refresh	http://localhost:5173
20240106	17:10:09	507b53f9-bff3-459d-92ee-7e00172a4f20	OPTIONS	/auth/refresh	http://localhost:5173
20240106	17:10:09	90bade07-7d41-4899-8da1-2b7d1770d8d4	GET	/auth/refresh	http://localhost:5173
20240106	17:10:15	7e1e3a14-771c-4ab1-abd3-a5d8e5eb43d1	POST	/auth	undefined
20240106	17:10:20	e890e663-6723-483e-a9a5-5bd4494ab67e	GET	/auth/refresh	undefined
20240106	17:10:59	a2d055c4-9308-44e2-aa78-78a0e14f37fe	GET	/auth/refresh	http://localhost:5173
20240106	17:11:00	cda2c4cc-f894-4db1-aacb-691411cfd6ff	GET	/auth/refresh	http://localhost:5173
20240106	17:11:00	60762391-e947-4631-9273-4ceedb26d998	GET	/auth/refresh	http://localhost:5173
20240106	17:13:21	e96b405c-0514-4341-90a4-2fea1b9de406	GET	/auth/refresh	http://localhost:5173
20240106	17:13:40	621103c6-490b-44d3-8132-a4ac89c6ccd7	OPTIONS	/auth/logout	http://localhost:5173
20240106	17:13:40	db79e8f8-1f51-4ca2-b355-f5e6f7fca2f3	POST	/auth/logout	http://localhost:5173
20240106	17:14:05	9892ee59-118a-4713-826e-28883ccbfdf5	OPTIONS	/auth	http://localhost:5173
20240106	17:14:05	5ce023b0-34ad-4cb5-839b-a12fd391b436	POST	/auth	http://localhost:5173
20240106	17:14:07	35f2c999-b31b-45ab-bca9-a4cd58e6d6df	GET	/auth/refresh	http://localhost:5173
20240106	17:14:07	988da0e2-12c8-4e77-b95d-201feb15aafe	GET	/auth/refresh	http://localhost:5173
20240106	17:14:27	c5070974-e8c2-41d6-9c70-4f11d1eacfa8	OPTIONS	/auth/logout	http://localhost:5173
20240106	17:14:27	618a1dcf-f027-47fc-ade2-939752fa7d27	POST	/auth/logout	http://localhost:5173
20240106	17:14:39	6e8b5cdf-d94c-4db5-a708-49f0623ecb60	OPTIONS	/auth	http://localhost:5173
20240106	17:14:39	f807d8b1-6842-46c4-aa95-e298f5e79d83	POST	/auth	http://localhost:5173
20240106	17:14:40	b65cb10f-56c9-4059-b77b-dfc2c9d92d8a	GET	/auth/refresh	http://localhost:5173
20240106	17:14:40	29d61c53-99f4-42fc-9114-8d3e0d48ea23	GET	/auth/refresh	http://localhost:5173
20240106	17:14:53	fd98bf7e-7165-45db-92ce-6c7cbb8585fd	OPTIONS	/auth/logout	http://localhost:5173
20240106	17:14:53	bbdec5a9-7a46-44ea-bb5b-74654e5dba2d	POST	/auth/logout	http://localhost:5173
20240106	17:15:01	213732bd-b03b-44cd-9eb4-892604bef777	OPTIONS	/auth	http://localhost:5173
20240106	17:15:01	b2a20b6b-7862-416e-ab51-ee3b185f716f	POST	/auth	http://localhost:5173
20240106	17:15:03	47d4e3f8-a349-42d1-978f-4383c42410fe	GET	/auth/refresh	http://localhost:5173
20240106	17:15:03	e3ba577f-2996-40a6-876e-526ca0e7be19	GET	/auth/refresh	http://localhost:5173
20240106	17:15:12	c376cfc2-b2e7-4b36-93fd-e5dc0a50ad4f	OPTIONS	/users	http://localhost:5173
20240106	17:15:12	8b44a871-87d5-46fa-8385-be9c7a535126	DELETE	/users	http://localhost:5173
20240106	17:15:16	88e4851d-fa47-42bb-8eeb-8b1c0bb02cc7	GET	/auth/refresh	http://localhost:5173
20240106	17:15:16	8e330269-e2e9-4050-8d4d-832f71506d79	GET	/auth/refresh	http://localhost:5173
20240106	17:15:18	61099ad8-f73c-44ee-8452-bf50aef1e5fe	GET	/auth/refresh	http://localhost:5173
20240106	17:15:18	f4ffd94b-2c95-4f1c-8e6e-15c8970ebfec	GET	/auth/refresh	http://localhost:5173
20240106	17:15:22	fca18590-ec65-4bc3-ab42-a42752e5f667	GET	/auth/refresh	http://localhost:5173
20240106	17:15:22	201cd7a7-59d3-46b8-8831-47f6597007fd	GET	/auth/refresh	http://localhost:5173
20240106	17:15:40	abf5a001-e10d-4658-81a4-e38f666ba5a5	OPTIONS	/users	http://localhost:5173
20240106	17:15:40	d5c66719-79ef-480c-af98-eae3cabdd991	DELETE	/users	http://localhost:5173
20240106	17:18:27	86acc38e-4091-402b-b3e2-8bccec8dd240	GET	/auth/refresh	http://localhost:5173
20240106	17:18:59	72c17372-d04b-45a0-aba3-66b7111236ff	GET	/auth/refresh	http://localhost:5173
20240106	17:19:02	7a5da577-c895-4d3f-a8e5-cdfd0a18b8b6	GET	/auth/refresh	http://localhost:5173
20240106	17:19:02	fd846942-7a8e-4f9d-abec-34b5bbeacbef	GET	/auth/refresh	http://localhost:5173
20240106	17:19:16	3e2771e7-d430-466a-9d03-89470c96fc5b	GET	/auth/refresh	http://localhost:5173
20240106	17:19:16	460b7d86-cf6a-4398-99c0-7966d4fa0265	GET	/auth/refresh	http://localhost:5173
20240106	17:19:29	4e93ac28-f70a-433a-abef-387ca83c5647	GET	/auth/refresh	http://localhost:5173
20240106	17:19:37	93650c5f-3e16-4e75-b83f-22636d065e48	GET	/auth/refresh	http://localhost:5173
20240106	17:19:37	ab9f380b-e2fc-4d2b-bc9c-0e60d4b084c9	GET	/auth/refresh	http://localhost:5173
20240106	17:19:43	5a9e95ab-8567-4158-a57e-4e7ceaad9b9d	GET	/auth/refresh	http://localhost:5173
20240106	17:19:43	8c739165-995a-47e5-ab41-3df85ef13032	GET	/auth/refresh	http://localhost:5173
20240106	17:22:58	b38ec42d-521e-41f7-ae7d-578d8546a14a	GET	/auth/refresh	http://localhost:5173
20240106	17:23:43	d35a9c65-c1f2-4279-a150-dd04ace40a8a	GET	/auth/refresh	http://localhost:5173
20240106	17:23:53	9ae99f2b-ad16-4303-a447-6b31e84b8ead	GET	/auth/refresh	http://localhost:5173
20240106	17:24:37	920358e0-83ff-4e39-a547-cfea5620c72d	GET	/auth/refresh	http://localhost:5173
20240106	17:24:40	a22b3584-52e4-4d8c-bf8e-efcaf5fbba3d	GET	/auth/refresh	http://localhost:5173
20240106	17:24:40	1ab6e991-9e5a-490d-8958-20a038d6eb77	GET	/auth/refresh	http://localhost:5173
20240106	17:24:44	0a3d10da-c0c5-4bd1-8f38-a66c417a2323	GET	/auth/refresh	http://localhost:5173
20240106	17:24:44	3ae690c6-4dff-4e5e-bc67-40216fbc2f2d	GET	/auth/refresh	http://localhost:5173
20240106	17:24:58	9354991f-3017-427d-9492-4987805dbeeb	GET	/auth/refresh	http://localhost:5173
20240106	17:24:59	1da9cc30-45b7-4060-bd47-6e3b4fe375f9	GET	/auth/refresh	http://localhost:5173
20240106	17:24:59	f9575c9d-2d19-4091-93e4-367bf2811d57	GET	/auth/refresh	http://localhost:5173
20240106	17:25:24	64de46a8-8097-4d9a-a952-94f8b1e3f379	GET	/auth/refresh	http://localhost:5173
20240106	17:25:25	7113ec07-2de1-4348-80fc-e071c5d00204	GET	/auth/refresh	http://localhost:5173
20240106	17:25:25	27d68444-b590-41d0-a6d6-0639a41befb8	GET	/auth/refresh	http://localhost:5173
20240106	17:25:33	15014450-51c7-4de0-8714-6befe7ece574	OPTIONS	/auth/logout	http://localhost:5173
20240106	17:25:33	99420286-e433-47cf-afec-d5d501efa42d	POST	/auth/logout	http://localhost:5173
20240106	17:25:38	42948068-1a22-4517-b8ca-b9d780fbfc2a	OPTIONS	/auth	http://localhost:5173
20240106	17:25:38	3d456059-1b03-4263-9774-ffdf23d99c1f	POST	/auth	http://localhost:5173
20240106	17:25:39	0f6036be-eba1-4c35-ad79-5ab7ae33f900	GET	/auth/refresh	http://localhost:5173
20240106	17:25:40	f3e1793b-ace0-4362-86b2-d7e1ecf47347	GET	/auth/refresh	http://localhost:5173
20240106	17:25:51	7bbbd6f4-9d28-4b97-bd7f-1e223c4eaecc	GET	/auth/refresh	http://localhost:5173
20240106	17:25:52	25a1d3b1-c5b7-4c28-a04e-e30f8e3aae41	GET	/auth/refresh	http://localhost:5173
20240106	17:25:52	8f2a04f2-b95b-45ae-a549-4667ffe52111	GET	/auth/refresh	http://localhost:5173
20240106	17:25:55	9e505ab3-97b8-4da7-a5be-172669fed677	GET	/auth/refresh	http://localhost:5173
20240106	17:25:55	9c9c0b5b-6960-4ad2-87c6-b26366cc957e	GET	/auth/refresh	http://localhost:5173
20240106	17:26:02	cf969dc8-4289-4b2a-ad00-f197057772c7	GET	/auth/refresh	http://localhost:5173
20240106	17:26:02	daaffc20-b78e-49af-81b3-8dcf79b93b10	GET	/auth/refresh	http://localhost:5173
20240106	17:26:11	47422ca1-f421-429d-a601-d334281a941b	OPTIONS	/auth/logout	http://localhost:5173
20240106	17:26:11	d732c9d9-11d5-49d3-bb8a-94a895a96691	POST	/auth/logout	http://localhost:5173
20240106	17:26:14	206932e9-b1af-45e7-8468-57a0bf1b9bf4	OPTIONS	/auth	http://localhost:5173
20240106	17:26:14	18af4611-1662-4be5-aa58-dc64061cc629	POST	/auth	http://localhost:5173
20240106	17:26:15	9b2958a9-c3e1-4192-afa1-9a7a16ac370e	GET	/auth/refresh	http://localhost:5173
20240106	17:26:15	64a58306-065d-4360-a6b2-71bb754f9f72	GET	/auth/refresh	http://localhost:5173
20240106	17:26:27	645fe26d-eefb-47f8-a25b-61796bf2f245	GET	/auth/refresh	http://localhost:5173
20240106	17:26:27	6857d2aa-dbab-497f-afeb-35e9f5402822	GET	/auth/refresh	http://localhost:5173
20240106	17:26:36	e8d3adc2-4aac-41f1-a057-9a615d477e0d	OPTIONS	/users	http://localhost:5173
20240106	17:26:36	28856847-e862-4bcf-b3ba-be9a057a3d87	DELETE	/users	http://localhost:5173
20240106	17:26:53	7276ae6c-f427-42e8-ba34-72daf548eca8	GET	/auth/refresh	http://localhost:5173
20240106	17:26:54	00918cb4-c49e-46dc-8ec0-7a9e9d1a24d9	GET	/auth/refresh	http://localhost:5173
20240106	17:26:55	a2382e44-9f29-4282-b721-583f633be135	GET	/auth/refresh	http://localhost:5173
20240106	17:26:56	669183f0-7ee2-424c-a6b9-a3803c6a28d8	GET	/auth/refresh	http://localhost:5173
20240106	17:26:56	11b6f1ea-ea5d-457e-8eef-34335b5cb60b	GET	/auth/refresh	http://localhost:5173
20240106	17:27:01	f8d2cad3-5685-409f-95cc-c7626a20f01b	GET	/auth/refresh	http://localhost:5173
20240106	17:27:01	cf573305-527d-4f78-bb95-ae33172f1b76	GET	/auth/refresh	http://localhost:5173
20240106	17:27:06	56392bee-0a68-4d53-87df-0bdfc077b621	OPTIONS	/users	http://localhost:5173
20240106	17:27:06	b501b38a-10fd-4d99-bf16-5d718908f762	DELETE	/users	http://localhost:5173
20240106	17:27:08	1cccc7a3-0307-4652-9046-ac57005887a6	OPTIONS	/auth/logout	http://localhost:5173
20240106	17:27:08	42a3d0c6-7942-48ea-a53d-6f6148fb8e97	POST	/auth/logout	http://localhost:5173
20240106	17:27:11	19e149ab-e8b7-43f6-ae1c-3c60cf826a1c	OPTIONS	/auth	http://localhost:5173
20240106	17:27:11	2ec09479-b1c2-4734-9790-ff0cf1196edb	POST	/auth	http://localhost:5173
20240106	17:27:12	80cb7cdd-1453-4d54-98ab-372ec4a21309	GET	/auth/refresh	http://localhost:5173
20240106	17:27:12	3aada00e-13d6-4825-872d-3b066ff932c7	GET	/auth/refresh	http://localhost:5173
20240106	17:27:23	738e35a6-28f9-4dbe-bcd6-30782929bc10	GET	/auth/refresh	http://localhost:5173
20240106	17:27:23	f1b863e8-a76f-4750-bd55-e98456e9f7de	GET	/auth/refresh	http://localhost:5173
20240106	17:27:28	8cb6fe25-574d-453e-9787-da93cc79bcd7	GET	/auth/refresh	http://localhost:5173
20240106	17:27:28	16f05cc1-9b67-4b1e-8857-d897b9f65794	GET	/auth/refresh	http://localhost:5173
20240106	17:27:29	a9f54d4a-34b6-4ee3-bf43-1ec78c63e05f	OPTIONS	/users	http://localhost:5173
20240106	17:27:29	5908d3f7-255f-401f-891c-2ccf90beb93a	DELETE	/users	http://localhost:5173
20240106	17:27:43	d5f1b0e7-e7ed-4a00-b293-662164a195c0	GET	/auth/refresh	http://localhost:5173
20240106	17:27:59	6a6146e5-5f15-46f8-96e4-286db46fbab2	GET	/auth/refresh	http://localhost:5173
20240106	17:28:00	6ee6b5cb-2d7d-410f-a5e6-0828db69eca4	GET	/auth/refresh	http://localhost:5173
20240106	17:28:00	fd4db074-3dc9-4318-8716-5e3524d8aa7d	GET	/auth/refresh	http://localhost:5173
20240106	17:28:02	6f285675-c7c5-4693-b1e3-f5c05910a6cd	GET	/auth/refresh	http://localhost:5173
20240106	17:28:02	cbc29b92-68fc-466c-9775-d519433a651e	GET	/auth/refresh	http://localhost:5173
20240106	17:28:02	9ec69486-b085-4ae5-a3b5-3418f0646e16	OPTIONS	/users	http://localhost:5173
20240106	17:28:02	0df8b7b7-7b49-4a02-90ed-5e57c2754dc2	DELETE	/users	http://localhost:5173
20240106	17:28:05	a4b3891d-bd55-4c86-8819-dd703966bfe9	GET	/auth/refresh	http://localhost:5173
20240106	17:28:06	b4d29bbc-ae39-4af9-a8b0-8afa30386638	GET	/auth/refresh	http://localhost:5173
20240106	17:28:06	b8b0d54e-0580-450a-8e50-9b26861a92e7	DELETE	/users	http://localhost:5173
20240106	17:28:28	ae24f0f8-94b0-4e8b-9a6d-aad2add6b028	GET	/auth/refresh	http://localhost:5173
20240106	17:28:30	4af6e702-7b01-4ef2-b7bb-335e0e18f627	GET	/auth/refresh	http://localhost:5173
20240106	17:28:30	42171e4c-e799-464b-920f-ca676c7388d6	GET	/auth/refresh	http://localhost:5173
20240106	17:28:31	0c0d1a69-ee48-4643-9f49-638820b3a41d	GET	/auth/refresh	http://localhost:5173
20240106	17:28:31	1e588e35-99a7-4318-9521-5caa41b399a7	GET	/auth/refresh	http://localhost:5173
20240106	17:28:32	4527f184-797d-4b8c-8fa7-055733aa9298	OPTIONS	/users	http://localhost:5173
20240106	17:28:32	25821732-efb1-48e0-aed1-504627c6a0f3	DELETE	/users	http://localhost:5173
20240106	17:28:36	bbf44002-dbb3-4292-95d2-90e26de4eed9	OPTIONS	/auth/logout	http://localhost:5173
20240106	17:28:36	5c5cad42-0cbb-44b9-81f5-4f29f634e8d8	POST	/auth/logout	http://localhost:5173
20240106	17:28:39	e6db2152-df52-4b6b-b261-29690b52a214	OPTIONS	/auth	http://localhost:5173
20240106	17:28:39	81998177-6c9b-4195-a207-6a2759ffae94	POST	/auth	http://localhost:5173
20240106	17:28:39	eafcce18-eefb-47ff-9bbb-b110ffc906b7	GET	/auth/refresh	http://localhost:5173
20240106	17:28:40	7dfa7cad-1cbf-4e4f-aa76-e379b50d211d	GET	/auth/refresh	http://localhost:5173
20240106	17:28:48	1578af9a-a54a-4214-8893-826f77565872	GET	/auth/refresh	http://localhost:5173
20240106	17:28:48	ee3b8218-62bc-4c80-a3c4-30fda2c07224	GET	/auth/refresh	http://localhost:5173
20240106	17:31:36	f946aa02-3990-433c-ac1c-ca71708a67cb	GET	/auth/refresh	http://localhost:5173
20240106	17:31:38	e429cf0d-f830-45b4-8a3c-aa62e85df153	GET	/auth/refresh	http://localhost:5173
20240106	17:31:38	dc1df4f9-cc59-4e70-a419-d645777aed64	GET	/auth/refresh	http://localhost:5173
20240106	17:31:39	4e824fe1-9f34-4b7d-ba0e-9e9fbcf99241	GET	/auth/refresh	http://localhost:5173
20240106	17:31:39	fe64e547-81e0-4447-8aa7-69bcd5d64161	GET	/auth/refresh	http://localhost:5173
20240106	17:31:39	3a0ecd31-a3b2-4e9f-9ade-87c8fb03e52c	OPTIONS	/auth/logout	http://localhost:5173
20240106	17:31:39	29d508c7-6f9a-4dac-9567-e85cbc39a7cd	POST	/auth/logout	http://localhost:5173
20240106	17:31:42	67958ce0-539c-4580-a5a9-f630930cf55c	OPTIONS	/auth	http://localhost:5173
20240106	17:31:42	81a135a5-de44-4751-8f47-db9a22e4ea5d	POST	/auth	http://localhost:5173
20240106	17:31:43	a3813f5d-4f32-48d2-8c6e-ee4ae5da2154	GET	/auth/refresh	http://localhost:5173
20240106	17:31:44	13fdff1b-47a6-45fd-8f38-762b132704ae	GET	/auth/refresh	http://localhost:5173
20240106	17:31:45	e4c023d1-2124-48f3-9331-bd09a6235451	GET	/auth/refresh	http://localhost:5173
20240106	17:31:46	dfbf3190-02af-4209-bfaf-1a46ee2b12a1	GET	/auth/refresh	http://localhost:5173
20240106	17:31:50	a19090df-0a8f-45f1-88ef-15563585d69d	GET	/auth/refresh	http://localhost:5173
20240106	17:31:51	1991177e-3a6f-440d-a807-6f65f663150f	GET	/auth/refresh	http://localhost:5173
20240106	17:31:57	58662d67-fdc1-4411-8ef9-b338ba089eef	OPTIONS	/users	http://localhost:5173
20240106	17:31:57	c31e3c56-546c-45bd-a26c-980c4efbf18d	DELETE	/users	http://localhost:5173
20240106	17:33:20	037855b7-ef8c-40f4-944e-e360555625d9	GET	/auth/refresh	http://localhost:5173
20240106	17:33:20	346a4edb-65ae-4fc4-b30b-44abe0e18aea	GET	/auth/refresh	http://localhost:5173
20240106	17:33:21	f4610b22-a31d-48f3-9c2f-6adfe8e623c1	GET	/auth/refresh	http://localhost:5173
20240106	17:33:21	2c6326fb-ff7c-48b6-8ed8-592aa9ee35ee	GET	/auth/refresh	http://localhost:5173
20240106	17:33:22	83c02867-c140-4e2d-bedc-91927b224d1e	GET	/auth/refresh	http://localhost:5173
20240106	17:33:22	8b597837-d94f-462e-88b1-18df10644fc7	GET	/auth/refresh	http://localhost:5173
20240106	17:33:23	25bc9538-dda3-4c5a-9918-d8782d3f8d36	GET	/auth/refresh	http://localhost:5173
20240106	17:33:23	0b90af44-e169-47fd-8e05-59af16234180	GET	/auth/refresh	http://localhost:5173
20240106	17:33:28	50731946-4791-4be1-9b05-5527dc4887e9	OPTIONS	/users	http://localhost:5173
20240106	17:33:28	d169b580-3779-4b82-b2da-5ec80ff80e00	DELETE	/users	http://localhost:5173
20240106	17:35:41	7c86e2b8-2a4d-4976-ac26-c66612328174	GET	/auth/refresh	http://localhost:5173
20240106	17:38:29	d6868732-9025-4144-8b80-5193bedcf6ec	GET	/auth/refresh	http://localhost:5173
20240106	17:38:29	61c7fad6-bad9-41c2-9c2b-ed9b39c174d0	GET	/auth/refresh	http://localhost:5173
20240106	17:38:31	964826b2-9c7a-420b-b0f3-46b98f14c245	GET	/auth/refresh	http://localhost:5173
20240106	17:38:31	2da1fa13-0227-49da-b63d-6db608150000	GET	/auth/refresh	http://localhost:5173
20240106	17:38:37	53f2375f-bb27-4265-bf6a-50c944975c7c	OPTIONS	/auth/logout	http://localhost:5173
20240106	17:38:37	b60f5fba-d8b5-4303-918d-2ae563fa99c0	POST	/auth/logout	http://localhost:5173
20240106	17:38:41	387364f4-609f-4de8-ac5f-b9999ba9829e	OPTIONS	/auth	http://localhost:5173
20240106	17:38:41	c4c4b565-a042-42bf-b3bd-0e754473b727	POST	/auth	http://localhost:5173
20240106	17:38:42	4d451315-f67c-430e-8a5c-2b90000ee708	GET	/auth/refresh	http://localhost:5173
20240106	17:38:42	a326ec7e-1ba4-4b87-b73c-c76aff10022a	GET	/auth/refresh	http://localhost:5173
20240106	17:39:02	54337039-e13d-4277-af17-a39bd82a586a	GET	/auth/refresh	http://localhost:5173
20240106	17:39:02	03092cf1-b3a0-424b-83ca-bafdd35cacd3	GET	/auth/refresh	http://localhost:5173
20240106	17:39:04	374b4826-64c8-45cb-9f3c-67d303b090d0	GET	/auth/refresh	http://localhost:5173
20240106	17:39:04	3bdf4e8d-70a5-4ad8-897d-963f5affb563	GET	/auth/refresh	http://localhost:5173
20240106	17:39:16	44c16461-9068-48e3-b050-b54f9dc0b8aa	OPTIONS	/auth/logout	http://localhost:5173
20240106	17:39:16	2a87823e-f8ba-4144-b9f0-baafed155488	POST	/auth/logout	http://localhost:5173
20240106	17:39:19	68427356-8f7f-4403-9bf0-c0cca069aa25	OPTIONS	/auth	http://localhost:5173
20240106	17:39:19	333f2140-eda9-4f84-8dc2-a6bda2342c62	POST	/auth	http://localhost:5173
20240106	17:39:20	bb02280c-68c7-4449-8360-1df4626e395a	GET	/auth/refresh	http://localhost:5173
20240106	17:39:20	5f33e773-927e-4b56-aece-a5ea7815c71a	GET	/auth/refresh	http://localhost:5173
20240106	17:39:29	016f53b6-4047-4c52-bb90-ab999d204103	OPTIONS	/users	http://localhost:5173
20240106	17:39:29	a47af08d-2d28-476f-b0ea-9f63c1081ee3	DELETE	/users	http://localhost:5173
20240106	17:49:19	b7306e2c-3ab2-46ac-bff7-c8d798e9d82e	OPTIONS	/auth/signup	http://localhost:5173
20240106	17:49:19	e7663150-a055-4761-bf1b-44673da48c71	POST	/auth/signup	http://localhost:5173
20240106	17:49:20	1900e897-6945-4ad5-b080-dad89fa7cd2a	OPTIONS	/auth	http://localhost:5173
20240106	17:49:20	5e2ea254-a076-4d7c-8907-69f46a25bff5	POST	/auth	http://localhost:5173
20240106	17:49:22	68da1217-ede9-4424-bfa7-8934cc54219a	GET	/auth/refresh	http://localhost:5173
20240106	17:49:22	e2e12ec8-1507-4bc2-9afe-8db0e273b34a	GET	/auth/refresh	http://localhost:5173
20240106	17:49:25	ba5c059b-08dc-48ce-a1a3-2752a36ea391	GET	/auth/refresh	http://localhost:5173
20240106	17:49:25	46c91b45-829e-4272-a35c-e000ce336c72	GET	/auth/refresh	http://localhost:5173
20240106	17:49:27	9b6948df-f3ad-4ac8-b543-10636971a966	GET	/auth/refresh	http://localhost:5173
20240106	17:49:28	acbc08ad-550a-456e-8cc9-7eb0f1199cdf	GET	/auth/refresh	http://localhost:5173
20240106	17:49:29	4d9f38ed-d133-44d6-a7d8-215cf329d466	GET	/auth/refresh	http://localhost:5173
20240106	17:49:29	b71de726-2c8b-4b38-bdce-fc35927ab26a	GET	/auth/refresh	http://localhost:5173
20240106	17:49:32	0de8b4aa-15b6-4a22-ae80-24a57f36e687	GET	/auth/refresh	http://localhost:5173
20240106	17:49:33	f30a0062-d4d0-404c-9830-4c2988fc21ae	GET	/auth/refresh	http://localhost:5173
20240106	17:49:43	4a379206-a98f-4d44-85be-c301539f4bd5	GET	/auth/refresh	http://localhost:5173
20240106	17:49:43	e6d4a899-e4f5-4097-93a3-3f6b4ee7bf5f	GET	/auth/refresh	http://localhost:5173
20240106	17:49:48	75990b0c-19ec-4189-8d6c-d3f40ec2b010	OPTIONS	/users	http://localhost:5173
20240106	17:49:48	8d9c655c-061a-4362-9c95-0d5d7654e23e	DELETE	/users	http://localhost:5173
20240106	17:54:36	bf175fed-2b6c-4bfe-a13a-f6814e869ec7	OPTIONS	/auth/signup	http://localhost:5173
20240106	17:54:36	eef424f4-8197-45b1-83ee-336a29871b35	POST	/auth/signup	http://localhost:5173
20240106	17:54:37	ef1a5ff6-9602-4f6b-9e12-11e919910d6d	OPTIONS	/auth	http://localhost:5173
20240106	17:54:37	ee289fd2-1f84-4743-b9aa-035900bcdb3f	POST	/auth	http://localhost:5173
20240106	17:54:39	520b9f03-0542-4e76-b7a8-8fdb3abfc311	GET	/auth/refresh	http://localhost:5173
20240106	17:54:40	e35acf05-4f7a-4860-a215-174c937881d0	GET	/auth/refresh	http://localhost:5173
20240106	17:55:57	f583e142-7d21-4337-b037-2925868a89a8	OPTIONS	/users	http://localhost:5173
20240106	17:55:57	121d5cce-2d5b-4c37-9457-c5bec843d2c6	DELETE	/users	http://localhost:5173
20240106	17:56:02	7c466cec-a78f-43d7-a879-9a86e51e4d86	GET	/auth/refresh	http://localhost:5173
20240106	17:56:02	3dabd8f5-b8d9-45a7-800e-e48b2a2c0c0e	GET	/auth/refresh	http://localhost:5173
20240106	17:56:05	08bc6e94-c588-4b34-9e20-e4912b5740b7	OPTIONS	/users	http://localhost:5173
20240106	17:56:05	d88d79cd-9f7b-45ec-8754-e4dbed42f746	DELETE	/users	http://localhost:5173
20240106	17:56:33	f61327a7-cb48-4a39-9715-d535532e875a	OPTIONS	/auth/signup	http://localhost:5173
20240106	17:56:33	75beb702-95b3-454e-aaf8-734cd47b504e	POST	/auth/signup	http://localhost:5173
20240106	17:56:34	1b54e015-1df6-4e0c-a593-116bfb822896	OPTIONS	/auth	http://localhost:5173
20240106	17:56:34	c19d9188-a44b-40d1-be76-f19fe9936cfa	POST	/auth	http://localhost:5173
20240106	17:56:35	edad4c4f-f016-48bf-a63e-c8a5d2f4f551	GET	/auth/refresh	http://localhost:5173
20240106	17:56:35	ad8c730f-9a67-4aa9-ad85-a2187ee59fbe	GET	/auth/refresh	http://localhost:5173
20240106	17:57:17	a47adeb8-2d4d-451c-9933-a8f0c16cc3fd	GET	/auth/refresh	http://localhost:5173
20240106	17:57:17	67ad2213-9b33-4baa-9a9b-3db2ff2a8747	GET	/auth/refresh	http://localhost:5173
20240106	18:02:04	24af4751-691a-4b82-a98e-2fed39105459	GET	/auth/refresh	http://localhost:5173
20240106	18:02:04	8deb28f8-d9a6-462d-92c6-21fca50e5324	GET	/auth/refresh	http://localhost:5173
20240106	18:02:08	ca8bcdf2-31c5-4340-b6de-6833b93974e9	GET	/auth/refresh	http://localhost:5173
20240106	18:02:08	58667a7b-6c80-45a5-a7c0-86aefc16aaea	GET	/auth/refresh	http://localhost:5173
20240106	18:02:18	3598b9a1-4a3f-4517-9253-954300269bb1	GET	/auth/refresh	http://localhost:5173
20240106	18:02:18	6eda771b-e1d7-4189-80e6-abe7516f49d8	GET	/auth/refresh	http://localhost:5173
20240106	18:02:20	f309cbea-9d8e-401a-b1ce-1341e72da622	OPTIONS	/auth/logout	http://localhost:5173
20240106	18:02:20	435c50a7-e869-42bb-bc18-04e891c3405c	POST	/auth/logout	http://localhost:5173
20240106	18:02:27	8dc4bff7-3e1a-4ae9-b553-a97b42da4456	OPTIONS	/auth	http://localhost:5173
20240106	18:02:27	7f3f8d2a-2129-49a4-b5d1-22c7f09fb9cf	POST	/auth	http://localhost:5173
20240106	18:02:28	3a00287e-b478-450d-b58a-22d7408564f4	GET	/auth/refresh	http://localhost:5173
20240106	18:02:28	e85499c7-aaed-4c44-9524-d1aefd5f2ba9	GET	/auth/refresh	http://localhost:5173
20240106	18:03:06	d7c8149b-8b65-4e0d-b682-33931269750a	GET	/auth/refresh	http://localhost:5173
20240106	18:03:14	0a30014b-5030-40fe-9f50-ae695ab04780	GET	/auth/refresh	http://localhost:5173
20240106	18:03:14	490973d0-2319-46d8-b240-7d3495abfa89	GET	/auth/refresh	http://localhost:5173
20240106	18:03:15	b33001c1-ca9e-48b1-a534-c0d9635c528f	GET	/auth/refresh	http://localhost:5173
20240106	18:03:15	fe40d088-196c-49b8-86e4-47484862f895	GET	/auth/refresh	http://localhost:5173
20240106	18:03:16	fd94ef90-0885-43a0-a559-bdb83f55cc05	GET	/auth/refresh	http://localhost:5173
20240106	18:03:16	85c5010b-40a3-4151-a04e-ebd9aaebdd9a	GET	/auth/refresh	http://localhost:5173
20240106	18:03:56	86f224bc-18a5-4f35-af7c-acb204a056c5	GET	/auth/refresh	http://localhost:5173
20240106	18:03:56	827cf99c-77e4-44e5-8117-24057a1e1980	GET	/auth/refresh	http://localhost:5173
20240106	18:04:00	9f37feae-429b-4d74-bcf9-2b3080035802	GET	/auth/refresh	http://localhost:5173
20240106	18:04:00	fa6b8281-926d-4d1c-b2e4-088645ab77d7	GET	/auth/refresh	http://localhost:5173
20240106	21:56:04	ab5af71f-1b00-4be5-9145-b4df4f78116d	OPTIONS	/auth	http://localhost:5173
20240106	21:56:04	660dcdfd-fef5-4b6a-9320-75b9a10cc919	POST	/auth	http://localhost:5173
20240106	21:56:06	b4f0ac3a-ade4-4f5c-bc63-2b79ed72b4a1	GET	/auth/refresh	http://localhost:5173
20240106	21:56:06	f30efd76-f786-4dfd-a430-94303093d724	GET	/auth/refresh	http://localhost:5173
20240106	21:56:18	bb098ff6-9e32-4445-9ee8-8426718124c1	GET	/auth/refresh	http://localhost:5173
20240106	21:56:18	b2cb45e1-92c0-4b1b-b500-2b6423fd280c	GET	/auth/refresh	http://localhost:5173
20240106	21:56:19	20a2d589-e5fa-43be-bdcf-cdad5a82c58c	GET	/auth/refresh	http://localhost:5173
20240106	21:56:19	5f1f4362-b787-4ecd-bd81-6aa6c4ac964b	GET	/auth/refresh	http://localhost:5173
20240106	21:56:20	d98fab18-4415-4985-b7a8-6193147eea45	GET	/auth/refresh	http://localhost:5173
20240106	21:56:20	ec02d23b-fa53-4e70-a27a-80ddebe39e8e	GET	/auth/refresh	http://localhost:5173
20240106	21:56:21	11bcef30-2acb-459a-9f68-072709fa5e2a	GET	/auth/refresh	http://localhost:5173
20240106	21:56:21	8cb8bd29-d30b-425f-aa9d-fccdb223853e	GET	/auth/refresh	http://localhost:5173
20240106	21:56:41	b88fd84b-83c0-4310-80ee-e2d55edca7de	GET	/auth/refresh	http://localhost:5173
20240106	21:56:41	b7b10aa9-1089-4b91-9f7b-f34ba81d435f	GET	/auth/refresh	http://localhost:5173
20240106	21:56:50	ba2b33f9-1d9f-43ef-9c1b-708fa74a1511	GET	/auth/refresh	http://localhost:5173
20240106	21:56:50	219ff6c3-ca21-428d-a52b-eacea7d23902	GET	/auth/refresh	http://localhost:5173
20240106	21:56:50	1bfb4cd0-8ef4-479c-aa5a-4dccab9abbc7	OPTIONS	/auth/logout	http://localhost:5173
20240106	21:56:50	26ba0c0d-8549-4501-a304-e579beca06c6	POST	/auth/logout	http://localhost:5173
20240106	21:59:25	1901d29a-70b6-40ef-b139-977319da4fb3	OPTIONS	/auth	http://localhost:5173
20240106	21:59:25	fdc7d56e-9b07-4e56-ab8c-e0fd5295f353	POST	/auth	http://localhost:5173
20240106	21:59:29	b6636e57-37f8-40cc-a889-89c1240b4b22	GET	/auth/refresh	http://localhost:5173
20240106	21:59:29	288f9e0a-40ab-4752-adc8-3b4e9ebd9169	GET	/auth/refresh	http://localhost:5173
20240106	22:00:03	e08c62aa-de18-4b07-8013-87bfa73436b6	GET	/auth/refresh	http://localhost:5173
20240106	22:00:06	30d60ccb-763b-46a5-a9e2-679979806be2	GET	/auth/refresh	http://localhost:5173
20240106	22:00:06	06b06872-553d-4799-abef-01e8d46f7d08	GET	/auth/refresh	http://localhost:5173
20240106	22:00:07	e8857897-9ba3-4b9b-aa57-4773cb49e8c6	GET	/auth/refresh	http://localhost:5173
20240106	22:00:07	1eb74fec-edad-4480-a58b-395a674b10e0	GET	/auth/refresh	http://localhost:5173
20240106	22:01:10	582785b6-df69-42c7-9d0b-85b89ec3f5c5	GET	/auth/refresh	http://localhost:5173
20240106	22:01:12	9c197e38-da5e-4268-bbae-8d1093c5de12	GET	/auth/refresh	http://localhost:5173
20240106	22:01:12	ec6d2c1c-518a-41f0-a9d6-ec2144ce8745	GET	/auth/refresh	http://localhost:5173
20240106	22:01:31	94dc3704-8cff-4867-9e7d-3c59aecbe5d5	GET	/auth/refresh	http://localhost:5173
20240106	22:01:40	30b11e15-ab60-4d8e-9b61-329b9677db5d	GET	/auth/refresh	http://localhost:5173
20240106	22:01:40	3c87b9ca-59a5-4aa6-bc95-2041ec5912a7	GET	/auth/refresh	http://localhost:5173
20240106	22:01:41	9ff9b872-97d8-4a58-b3c9-6d97ae94feb6	GET	/auth/refresh	http://localhost:5173
20240106	22:01:41	23f523af-1bab-4347-bde5-6a46920c07e2	GET	/auth/refresh	http://localhost:5173
20240106	22:01:48	ec8d8fa9-3d90-4d72-b554-a3c05981fac8	GET	/auth/refresh	http://localhost:5173
20240106	22:01:49	e0909518-ad97-45e3-892a-15cddc620f5d	GET	/auth/refresh	http://localhost:5173
20240106	22:01:52	05d0344b-5b7e-4e91-8e0b-dbe4654e20d2	OPTIONS	/users	http://localhost:5173
20240106	22:01:52	4356c167-cf62-4ebe-9dc4-0237186166db	DELETE	/users	http://localhost:5173
20240106	22:02:52	e8b6a6dd-a163-4271-86dc-03f9541e31f4	OPTIONS	/auth	http://localhost:5173
20240106	22:02:52	5aec108e-600a-4d60-9f2e-5ee034b9701f	POST	/auth	http://localhost:5173
20240106	22:03:03	7ab3faf1-c0a0-4365-a5c9-f46eebff9deb	OPTIONS	/auth/signup	http://localhost:5173
20240106	22:03:03	5268ab83-6c4a-40ea-90dd-cced70e23c94	POST	/auth/signup	http://localhost:5173
20240106	22:03:03	ad837d51-d3db-4a2d-823d-129775becf5c	OPTIONS	/auth	http://localhost:5173
20240106	22:03:03	cbb0ecf4-7d8d-413d-aa45-132e549189c5	POST	/auth	http://localhost:5173
20240106	22:03:05	4380e46b-b2c9-46a0-84e6-fbdaf3dbf5ea	GET	/auth/refresh	http://localhost:5173
20240106	22:03:05	ea9d6e5a-9c82-4370-b352-35c9a2559063	GET	/auth/refresh	http://localhost:5173
20240106	22:03:15	825457b4-077e-4a03-b404-8918c78dfeae	GET	/auth/refresh	http://localhost:5173
20240106	22:03:15	cbf20ecb-766e-4de9-aaca-6d71196cfaaa	GET	/auth/refresh	http://localhost:5173
20240106	22:03:34	20803da6-7b8d-4c38-8211-c883b8ff2eed	OPTIONS	/auth/logout	http://localhost:5173
20240106	22:03:34	4376fd12-8f6d-4b5f-84df-2f1ed9c2e3e7	POST	/auth/logout	http://localhost:5173
20240106	22:03:43	5bc6123f-8e4b-4156-8559-b982207259a3	OPTIONS	/auth	http://localhost:5173
20240106	22:03:43	67cd270d-2964-44cf-8356-420848128c17	POST	/auth	http://localhost:5173
20240106	22:03:54	19e79be5-09fa-4d0a-90c2-5ca2e52962a1	GET	/auth/refresh	http://localhost:5173
20240106	22:03:55	e93a0b80-da3c-4df7-9a8c-03bd9f0765b2	GET	/auth/refresh	http://localhost:5173
20240106	22:04:02	574b424d-054d-4ac4-87d1-818378e00a6b	GET	/auth/refresh	http://localhost:5173
20240106	22:04:02	aed292ee-e4ab-4ef9-9ca5-859b937d8470	GET	/auth/refresh	http://localhost:5173
20240106	22:04:03	8f2f7672-ade4-4ded-87ab-fe593b9fa9b5	GET	/auth/refresh	http://localhost:5173
20240106	22:04:03	58995ccb-a7c8-402c-9c59-5f31e9adf7f0	GET	/auth/refresh	http://localhost:5173
20240106	22:04:19	5266e08c-91e7-453d-b7b1-a88b38f84f1e	GET	/auth/refresh	http://localhost:5173
20240106	22:04:19	5c1c6e02-a4de-4971-a89c-cb07cbadb70c	GET	/auth/refresh	http://localhost:5173
20240106	22:04:27	5fb2b06e-e27f-42ff-9cbc-0df555e83095	GET	/auth/refresh	http://localhost:5173
20240106	22:04:27	f8d01013-ed7c-48d7-8464-3e206e9a6bfc	GET	/auth/refresh	http://localhost:5173
20240106	22:04:28	7e4d98ac-dca2-40b8-90c6-5ef6f080e600	OPTIONS	/auth/logout	http://localhost:5173
20240106	22:04:28	76dcd792-bba8-44ed-a6f9-b2122b90078e	POST	/auth/logout	http://localhost:5173
20240106	23:16:30	45b2ed12-7f9a-44df-b386-1980c228d14b	POST	/auth	undefined
20240106	23:22:18	40676d52-fb44-45dd-b7d3-a163bbc839d0	POST	/auth	undefined
